2018-12-21 15:17:51 [org.springframework.context.support.AbstractApplicationContext:589] - Refreshing org.springframework.context.annotation.AnnotationConfigApplicationContext@68e965f5: startup date [Fri Dec 21 15:17:51 CST 2018]; root of context hierarchy
2018-12-21 15:17:52 [org.springframework.beans.factory.annotation.AutowiredAnnotationBeanPostProcessor:154] - JSR-330 'javax.inject.Inject' annotation found and supported for autowiring
2018-12-21 15:17:52 [org.springframework.context.support.PostProcessorRegistrationDelegate$BeanPostProcessorChecker:328] - Bean 'configurationPropertiesRebinderAutoConfiguration' of type [org.springframework.cloud.autoconfigure.ConfigurationPropertiesRebinderAutoConfiguration$$EnhancerBySpringCGLIB$$beb914e5] is not eligible for getting processed by all BeanPostProcessors (for example: not eligible for auto-proxying)
2018-12-21 15:17:53 [org.springframework.boot.SpringApplication:656] - The following profiles are active: dev
2018-12-21 15:17:53 [org.springframework.context.support.AbstractApplicationContext:589] - Refreshing org.springframework.boot.web.servlet.context.AnnotationConfigServletWebServerApplicationContext@531c311e: startup date [Fri Dec 21 15:17:53 CST 2018]; parent: org.springframework.context.annotation.AnnotationConfigApplicationContext@68e965f5
2018-12-21 15:17:58 [org.springframework.data.repository.config.RepositoryConfigurationDelegate:163] - Multiple Spring Data modules found, entering strict repository configuration mode!
2018-12-21 15:17:58 [com.zuoben.sys.config.datasource.DatasourceAutoConfiguration:21] - 数据库加载成功
2018-12-21 15:17:58 [org.springframework.cloud.context.scope.GenericScope:292] - BeanFactory id=6c512991-1bff-304a-8382-b4dbec647ebe
2018-12-21 15:17:58 [org.springframework.beans.factory.annotation.AutowiredAnnotationBeanPostProcessor:154] - JSR-330 'javax.inject.Inject' annotation found and supported for autowiring
2018-12-21 15:17:58 [org.springframework.context.support.PostProcessorRegistrationDelegate$BeanPostProcessorChecker:328] - Bean 'org.springframework.transaction.annotation.ProxyTransactionManagementConfiguration' of type [org.springframework.transaction.annotation.ProxyTransactionManagementConfiguration$$EnhancerBySpringCGLIB$$a29f11e8] is not eligible for getting processed by all BeanPostProcessors (for example: not eligible for auto-proxying)
2018-12-21 15:17:58 [org.springframework.context.support.PostProcessorRegistrationDelegate$BeanPostProcessorChecker:328] - Bean 'txAnoConfig' of type [com.zuoben.sys.config.datasource.TxAnoConfig$$EnhancerBySpringCGLIB$$ec0bf385] is not eligible for getting processed by all BeanPostProcessors (for example: not eligible for auto-proxying)
2018-12-21 15:17:58 [org.springframework.context.support.PostProcessorRegistrationDelegate$BeanPostProcessorChecker:328] - Bean 'com.alibaba.druid.spring.boot.autoconfigure.DruidDataSourceAutoConfigure' of type [com.alibaba.druid.spring.boot.autoconfigure.DruidDataSourceAutoConfigure$$EnhancerBySpringCGLIB$$bc4b075a] is not eligible for getting processed by all BeanPostProcessors (for example: not eligible for auto-proxying)
2018-12-21 15:17:58 [com.alibaba.druid.spring.boot.autoconfigure.DruidDataSourceAutoConfigure:56] - Init DruidDataSource
2018-12-21 15:17:59 [org.springframework.context.support.PostProcessorRegistrationDelegate$BeanPostProcessorChecker:328] - Bean 'org.springframework.boot.context.properties.ConversionServiceDeducer$Factory' of type [org.springframework.boot.context.properties.ConversionServiceDeducer$Factory] is not eligible for getting processed by all BeanPostProcessors (for example: not eligible for auto-proxying)
2018-12-21 15:17:59 [org.springframework.context.support.PostProcessorRegistrationDelegate$BeanPostProcessorChecker:328] - Bean 'spring.datasource-org.springframework.boot.autoconfigure.jdbc.DataSourceProperties' of type [org.springframework.boot.autoconfigure.jdbc.DataSourceProperties] is not eligible for getting processed by all BeanPostProcessors (for example: not eligible for auto-proxying)
2018-12-21 15:17:59 [org.springframework.context.support.PostProcessorRegistrationDelegate$BeanPostProcessorChecker:328] - Bean 'com.alibaba.druid.spring.boot.autoconfigure.stat.DruidFilterConfiguration' of type [com.alibaba.druid.spring.boot.autoconfigure.stat.DruidFilterConfiguration] is not eligible for getting processed by all BeanPostProcessors (for example: not eligible for auto-proxying)
2018-12-21 15:17:59 [org.springframework.context.support.PostProcessorRegistrationDelegate$BeanPostProcessorChecker:328] - Bean 'statFilter' of type [com.alibaba.druid.filter.stat.StatFilter] is not eligible for getting processed by all BeanPostProcessors (for example: not eligible for auto-proxying)
2018-12-21 15:17:59 [com.alibaba.druid.pool.DruidDataSource:928] - {dataSource-1} inited
2018-12-21 15:17:59 [org.springframework.context.support.PostProcessorRegistrationDelegate$BeanPostProcessorChecker:328] - Bean 'dataSource' of type [com.alibaba.druid.spring.boot.autoconfigure.DruidDataSourceWrapper] is not eligible for getting processed by all BeanPostProcessors (for example: not eligible for auto-proxying)
2018-12-21 15:17:59 [org.springframework.context.support.PostProcessorRegistrationDelegate$BeanPostProcessorChecker:328] - Bean 'org.springframework.boot.autoconfigure.jdbc.DataSourceInitializerInvoker' of type [org.springframework.boot.autoconfigure.jdbc.DataSourceInitializerInvoker] is not eligible for getting processed by all BeanPostProcessors (for example: not eligible for auto-proxying)
2018-12-21 15:17:59 [org.springframework.context.support.PostProcessorRegistrationDelegate$BeanPostProcessorChecker:328] - Bean 'org.springframework.boot.autoconfigure.transaction.TransactionAutoConfiguration' of type [org.springframework.boot.autoconfigure.transaction.TransactionAutoConfiguration$$EnhancerBySpringCGLIB$$37130cf2] is not eligible for getting processed by all BeanPostProcessors (for example: not eligible for auto-proxying)
2018-12-21 15:17:59 [org.springframework.context.support.PostProcessorRegistrationDelegate$BeanPostProcessorChecker:328] - Bean 'spring.transaction-org.springframework.boot.autoconfigure.transaction.TransactionProperties' of type [org.springframework.boot.autoconfigure.transaction.TransactionProperties] is not eligible for getting processed by all BeanPostProcessors (for example: not eligible for auto-proxying)
2018-12-21 15:17:59 [org.springframework.context.support.PostProcessorRegistrationDelegate$BeanPostProcessorChecker:328] - Bean 'platformTransactionManagerCustomizers' of type [org.springframework.boot.autoconfigure.transaction.TransactionManagerCustomizers] is not eligible for getting processed by all BeanPostProcessors (for example: not eligible for auto-proxying)
2018-12-21 15:17:59 [org.springframework.context.support.PostProcessorRegistrationDelegate$BeanPostProcessorChecker:328] - Bean 'org.springframework.boot.autoconfigure.jdbc.DataSourceTransactionManagerAutoConfiguration$DataSourceTransactionManagerConfiguration' of type [org.springframework.boot.autoconfigure.jdbc.DataSourceTransactionManagerAutoConfiguration$DataSourceTransactionManagerConfiguration$$EnhancerBySpringCGLIB$$4f9faa57] is not eligible for getting processed by all BeanPostProcessors (for example: not eligible for auto-proxying)
2018-12-21 15:17:59 [org.springframework.context.support.PostProcessorRegistrationDelegate$BeanPostProcessorChecker:328] - Bean 'transactionManager' of type [org.springframework.jdbc.datasource.DataSourceTransactionManager] is not eligible for getting processed by all BeanPostProcessors (for example: not eligible for auto-proxying)
2018-12-21 15:17:59 [org.springframework.context.support.PostProcessorRegistrationDelegate$BeanPostProcessorChecker:328] - Bean 'txSource' of type [org.springframework.transaction.interceptor.NameMatchTransactionAttributeSource] is not eligible for getting processed by all BeanPostProcessors (for example: not eligible for auto-proxying)
2018-12-21 15:17:59 [org.springframework.context.support.PostProcessorRegistrationDelegate$BeanPostProcessorChecker:328] - Bean 'txInterceptor' of type [org.springframework.transaction.interceptor.TransactionInterceptor] is not eligible for getting processed by all BeanPostProcessors (for example: not eligible for auto-proxying)
2018-12-21 15:17:59 [org.springframework.context.support.PostProcessorRegistrationDelegate$BeanPostProcessorChecker:328] - Bean 'pointcutAdvisor' of type [org.springframework.aop.aspectj.AspectJExpressionPointcutAdvisor] is not eligible for getting processed by all BeanPostProcessors (for example: not eligible for auto-proxying)
2018-12-21 15:17:59 [org.springframework.context.support.PostProcessorRegistrationDelegate$BeanPostProcessorChecker:328] - Bean 'org.springframework.cache.annotation.ProxyCachingConfiguration' of type [org.springframework.cache.annotation.ProxyCachingConfiguration$$EnhancerBySpringCGLIB$$ebb14806] is not eligible for getting processed by all BeanPostProcessors (for example: not eligible for auto-proxying)
2018-12-21 15:17:59 [org.springframework.context.support.PostProcessorRegistrationDelegate$BeanPostProcessorChecker:328] - Bean 'org.springframework.boot.autoconfigure.cache.CacheAutoConfiguration' of type [org.springframework.boot.autoconfigure.cache.CacheAutoConfiguration$$EnhancerBySpringCGLIB$$e0250caa] is not eligible for getting processed by all BeanPostProcessors (for example: not eligible for auto-proxying)
2018-12-21 15:17:59 [org.springframework.context.support.PostProcessorRegistrationDelegate$BeanPostProcessorChecker:328] - Bean 'spring.cache-org.springframework.boot.autoconfigure.cache.CacheProperties' of type [org.springframework.boot.autoconfigure.cache.CacheProperties] is not eligible for getting processed by all BeanPostProcessors (for example: not eligible for auto-proxying)
2018-12-21 15:17:59 [org.springframework.context.support.PostProcessorRegistrationDelegate$BeanPostProcessorChecker:328] - Bean 'cacheManagerCustomizers' of type [org.springframework.boot.autoconfigure.cache.CacheManagerCustomizers] is not eligible for getting processed by all BeanPostProcessors (for example: not eligible for auto-proxying)
2018-12-21 15:17:59 [org.springframework.context.support.PostProcessorRegistrationDelegate$BeanPostProcessorChecker:328] - Bean 'org.springframework.boot.autoconfigure.cache.RedisCacheConfiguration' of type [org.springframework.boot.autoconfigure.cache.RedisCacheConfiguration$$EnhancerBySpringCGLIB$$90b6a904] is not eligible for getting processed by all BeanPostProcessors (for example: not eligible for auto-proxying)
2018-12-21 15:17:59 [org.springframework.context.support.PostProcessorRegistrationDelegate$BeanPostProcessorChecker:328] - Bean 'spring.redis-org.springframework.boot.autoconfigure.data.redis.RedisProperties' of type [org.springframework.boot.autoconfigure.data.redis.RedisProperties] is not eligible for getting processed by all BeanPostProcessors (for example: not eligible for auto-proxying)
2018-12-21 15:17:59 [org.springframework.context.support.PostProcessorRegistrationDelegate$BeanPostProcessorChecker:328] - Bean 'org.springframework.boot.autoconfigure.data.redis.LettuceConnectionConfiguration' of type [org.springframework.boot.autoconfigure.data.redis.LettuceConnectionConfiguration$$EnhancerBySpringCGLIB$$b7b8d032] is not eligible for getting processed by all BeanPostProcessors (for example: not eligible for auto-proxying)
2018-12-21 15:17:59 [org.springframework.context.support.PostProcessorRegistrationDelegate$BeanPostProcessorChecker:328] - Bean 'lettuceClientResources' of type [io.lettuce.core.resource.DefaultClientResources] is not eligible for getting processed by all BeanPostProcessors (for example: not eligible for auto-proxying)
2018-12-21 15:17:59 [org.springframework.context.support.PostProcessorRegistrationDelegate$BeanPostProcessorChecker:328] - Bean 'redisConnectionFactory' of type [org.springframework.data.redis.connection.lettuce.LettuceConnectionFactory] is not eligible for getting processed by all BeanPostProcessors (for example: not eligible for auto-proxying)
2018-12-21 15:17:59 [org.springframework.context.support.PostProcessorRegistrationDelegate$BeanPostProcessorChecker:328] - Bean 'cacheManager' of type [org.springframework.data.redis.cache.RedisCacheManager] is not eligible for getting processed by all BeanPostProcessors (for example: not eligible for auto-proxying)
2018-12-21 15:17:59 [org.springframework.context.support.PostProcessorRegistrationDelegate$BeanPostProcessorChecker:328] - Bean 'cacheAutoConfigurationValidator' of type [org.springframework.boot.autoconfigure.cache.CacheAutoConfiguration$CacheManagerValidator] is not eligible for getting processed by all BeanPostProcessors (for example: not eligible for auto-proxying)
2018-12-21 15:17:59 [org.springframework.context.support.PostProcessorRegistrationDelegate$BeanPostProcessorChecker:328] - Bean 'org.springframework.cloud.autoconfigure.ConfigurationPropertiesRebinderAutoConfiguration' of type [org.springframework.cloud.autoconfigure.ConfigurationPropertiesRebinderAutoConfiguration$$EnhancerBySpringCGLIB$$beb914e5] is not eligible for getting processed by all BeanPostProcessors (for example: not eligible for auto-proxying)
2018-12-21 15:18:00 [org.springframework.boot.web.embedded.tomcat.TomcatWebServer:91] - Tomcat initialized with port(s): 8764 (http)
2018-12-21 15:18:00 [org.apache.juli.logging.DirectJDKLog:180] - Initializing ProtocolHandler ["http-nio-8764"]
2018-12-21 15:18:00 [org.apache.juli.logging.DirectJDKLog:180] - Starting service [Tomcat]
2018-12-21 15:18:00 [org.apache.juli.logging.DirectJDKLog:180] - Starting Servlet Engine: Apache Tomcat/8.5.28
2018-12-21 15:18:00 [org.apache.juli.logging.DirectJDKLog:180] - The APR based Apache Tomcat Native library which allows optimal performance in production environments was not found on the java.library.path: [D:\Program Files\Java\jdk1.8.0_181\bin;C:\Windows\Sun\Java\bin;C:\Windows\system32;C:\Windows;C:\Program Files (x86)\Common Files\Oracle\Java\javapath;C:\Program Files (x86)\Intel\Intel(R) Management Engine Components\iCLS\;C:\Program Files\Intel\Intel(R) Management Engine Components\iCLS\;C:\Windows\system32;C:\Windows;C:\Windows\System32\Wbem;C:\Windows\System32\WindowsPowerShell\v1.0\;C:\Windows\System32\OpenSSH\;C:\Program Files (x86)\NVIDIA Corporation\PhysX\Common;C:\Program Files (x86)\Intel\Intel(R) Management Engine Components\DAL;C:\Program Files\Intel\Intel(R) Management Engine Components\DAL;C:\Program Files (x86)\Intel\Intel(R) Management Engine Components\IPT;C:\Program Files\Intel\Intel(R) Management Engine Components\IPT;D:\Program Files\TortoiseSVN\bin;"D:\Program Files\Java\jdk1.8.0_181\bin;D:\Program Files\Java\jdk1.8.0_181\jre\bin";D:\Program Files\gradle-2.5\bin;D:\apache-maven-3.0.3\bin;C:\Users\zuoben\AppData\Local\Microsoft\WindowsApps;;.]
2018-12-21 15:18:00 [org.apache.juli.logging.DirectJDKLog:180] - Initializing Spring embedded WebApplicationContext
2018-12-21 15:18:00 [org.springframework.boot.web.servlet.context.ServletWebServerApplicationContext:285] - Root WebApplicationContext: initialization completed in 7339 ms
2018-12-21 15:18:00 [org.springframework.boot.web.servlet.ServletRegistrationBean:185] - Servlet dispatcherServlet mapped to [/]
2018-12-21 15:18:00 [org.springframework.boot.web.servlet.ServletRegistrationBean:185] - Servlet statViewServlet mapped to [/druid/*]
2018-12-21 15:18:00 [org.springframework.boot.web.servlet.AbstractFilterRegistrationBean:243] - Mapping filter: 'characterEncodingFilter' to: [/*]
2018-12-21 15:18:00 [org.springframework.boot.web.servlet.AbstractFilterRegistrationBean:243] - Mapping filter: 'hiddenHttpMethodFilter' to: [/*]
2018-12-21 15:18:00 [org.springframework.boot.web.servlet.AbstractFilterRegistrationBean:243] - Mapping filter: 'httpPutFormContentFilter' to: [/*]
2018-12-21 15:18:00 [org.springframework.boot.web.servlet.AbstractFilterRegistrationBean:243] - Mapping filter: 'requestContextFilter' to: [/*]
2018-12-21 15:18:00 [org.springframework.boot.web.servlet.AbstractFilterRegistrationBean:256] - Mapping filter: 'webStatFilter' to urls: [/*]
2018-12-21 15:18:03 [org.springframework.context.support.AbstractApplicationContext:589] - Refreshing FeignContext-zuoben-mq: startup date [Fri Dec 21 15:18:03 CST 2018]; parent: org.springframework.boot.web.servlet.context.AnnotationConfigServletWebServerApplicationContext@531c311e
2018-12-21 15:18:03 [org.springframework.beans.factory.annotation.AutowiredAnnotationBeanPostProcessor:154] - JSR-330 'javax.inject.Inject' annotation found and supported for autowiring
2018-12-21 15:18:03 [org.springframework.context.support.AbstractApplicationContext:589] - Refreshing FeignContext-zuoben-auth: startup date [Fri Dec 21 15:18:03 CST 2018]; parent: org.springframework.boot.web.servlet.context.AnnotationConfigServletWebServerApplicationContext@531c311e
2018-12-21 15:18:03 [org.springframework.beans.factory.annotation.AutowiredAnnotationBeanPostProcessor:154] - JSR-330 'javax.inject.Inject' annotation found and supported for autowiring
2018-12-21 15:18:03 [org.springframework.web.servlet.handler.AbstractHandlerMethodMapping$MappingRegistry:548] - Mapped "{[/sysMenu/disable/{id}],methods=[GET]}" onto public com.zuoben.util.resultUtils.JsonResult com.zuoben.sys.controller.SysMenuController.disable(java.lang.Integer)
2018-12-21 15:18:03 [org.springframework.web.servlet.handler.AbstractHandlerMethodMapping$MappingRegistry:548] - Mapped "{[/sysMenu/update],methods=[POST]}" onto public com.zuoben.util.resultUtils.JsonResult com.zuoben.sys.controller.SysMenuController.update(com.zuoben.sys.vo.MenuTree)
2018-12-21 15:18:03 [org.springframework.web.servlet.handler.AbstractHandlerMethodMapping$MappingRegistry:548] - Mapped "{[/sysMenu/delete/{id}],methods=[GET]}" onto public com.zuoben.util.resultUtils.JsonResult com.zuoben.sys.controller.SysMenuController.delete(java.lang.Integer)
2018-12-21 15:18:03 [org.springframework.web.servlet.handler.AbstractHandlerMethodMapping$MappingRegistry:548] - Mapped "{[/sysMenu/list],methods=[GET]}" onto public com.zuoben.util.resultUtils.JsonResult com.zuoben.sys.controller.SysMenuController.list()
2018-12-21 15:18:03 [org.springframework.web.servlet.handler.AbstractHandlerMethodMapping$MappingRegistry:548] - Mapped "{[/sysMenu/insert],methods=[POST]}" onto public com.zuoben.util.resultUtils.JsonResult com.zuoben.sys.controller.SysMenuController.insert(com.zuoben.sys.vo.MenuTree)
2018-12-21 15:18:03 [org.springframework.web.servlet.handler.AbstractHandlerMethodMapping$MappingRegistry:548] - Mapped "{[/sysMenu/select/{id}],methods=[GET]}" onto public com.zuoben.util.resultUtils.JsonResult com.zuoben.sys.controller.SysMenuController.selectById(java.lang.Integer)
2018-12-21 15:18:03 [org.springframework.web.servlet.handler.AbstractHandlerMethodMapping$MappingRegistry:548] - Mapped "{[/sysMenu/current],methods=[GET]}" onto public com.zuoben.util.resultUtils.JsonResult com.zuoben.sys.controller.SysMenuController.selectUserSideMenu()
2018-12-21 15:18:03 [org.springframework.web.servlet.handler.AbstractHandlerMethodMapping$MappingRegistry:548] - Mapped "{[/sysRole/disable/{id}],methods=[GET]}" onto public com.zuoben.util.resultUtils.JsonResult com.zuoben.sys.controller.SysRoleController.disable(java.lang.Integer)
2018-12-21 15:18:03 [org.springframework.web.servlet.handler.AbstractHandlerMethodMapping$MappingRegistry:548] - Mapped "{[/sysRole/update],methods=[POST]}" onto public com.zuoben.util.resultUtils.JsonResult com.zuoben.sys.controller.SysRoleController.update(com.zuoben.sys.dto.SysRoleDTO)
2018-12-21 15:18:03 [org.springframework.web.servlet.handler.AbstractHandlerMethodMapping$MappingRegistry:548] - Mapped "{[/sysRole/delete/{id}],methods=[GET]}" onto public com.zuoben.util.resultUtils.JsonResult com.zuoben.sys.controller.SysRoleController.delete(java.lang.Integer)
2018-12-21 15:18:03 [org.springframework.web.servlet.handler.AbstractHandlerMethodMapping$MappingRegistry:548] - Mapped "{[/sysRole/list],methods=[GET]}" onto public com.zuoben.util.resultUtils.JsonResult com.zuoben.sys.controller.SysRoleController.list(java.lang.Integer,java.lang.Integer,java.lang.String)
2018-12-21 15:18:03 [org.springframework.web.servlet.handler.AbstractHandlerMethodMapping$MappingRegistry:548] - Mapped "{[/sysRole/insert],methods=[POST]}" onto public com.zuoben.util.resultUtils.JsonResult com.zuoben.sys.controller.SysRoleController.insert(com.zuoben.sys.dto.SysRoleDTO)
2018-12-21 15:18:03 [org.springframework.web.servlet.handler.AbstractHandlerMethodMapping$MappingRegistry:548] - Mapped "{[/sysRole/deletes/{ids}],methods=[GET]}" onto public com.zuoben.util.resultUtils.JsonResult com.zuoben.sys.controller.SysRoleController.deletes(java.lang.String)
2018-12-21 15:18:03 [org.springframework.web.servlet.handler.AbstractHandlerMethodMapping$MappingRegistry:548] - Mapped "{[/sysRole/select/{id}],methods=[GET]}" onto public com.zuoben.util.resultUtils.JsonResult com.zuoben.sys.controller.SysRoleController.selectById(java.lang.Integer)
2018-12-21 15:18:03 [org.springframework.web.servlet.handler.AbstractHandlerMethodMapping$MappingRegistry:548] - Mapped "{[/sysUser/disable/{id}],methods=[GET]}" onto public com.zuoben.util.resultUtils.JsonResult com.zuoben.sys.controller.SysUserController.disable(java.lang.Integer)
2018-12-21 15:18:03 [org.springframework.web.servlet.handler.AbstractHandlerMethodMapping$MappingRegistry:548] - Mapped "{[/sysUser/update],methods=[POST]}" onto public com.zuoben.util.resultUtils.JsonResult com.zuoben.sys.controller.SysUserController.update(com.zuoben.sys.dto.SysUserDTO)
2018-12-21 15:18:03 [org.springframework.web.servlet.handler.AbstractHandlerMethodMapping$MappingRegistry:548] - Mapped "{[/sysUser/delete/{id}],methods=[GET]}" onto public com.zuoben.util.resultUtils.JsonResult com.zuoben.sys.controller.SysUserController.delete(java.lang.Integer)
2018-12-21 15:18:03 [org.springframework.web.servlet.handler.AbstractHandlerMethodMapping$MappingRegistry:548] - Mapped "{[/sysUser/list],methods=[GET]}" onto public com.zuoben.util.resultUtils.JsonResult com.zuoben.sys.controller.SysUserController.list(java.lang.Integer,java.lang.Integer,java.lang.String)
2018-12-21 15:18:03 [org.springframework.web.servlet.handler.AbstractHandlerMethodMapping$MappingRegistry:548] - Mapped "{[/sysUser/insert],methods=[POST]}" onto public com.zuoben.util.resultUtils.JsonResult com.zuoben.sys.controller.SysUserController.insert(com.zuoben.sys.dto.SysUserDTO)
2018-12-21 15:18:03 [org.springframework.web.servlet.handler.AbstractHandlerMethodMapping$MappingRegistry:548] - Mapped "{[/sysUser/deletes/{ids}],methods=[GET]}" onto public com.zuoben.util.resultUtils.JsonResult com.zuoben.sys.controller.SysUserController.deletes(java.lang.String)
2018-12-21 15:18:03 [org.springframework.web.servlet.handler.AbstractHandlerMethodMapping$MappingRegistry:548] - Mapped "{[/sysUser/select],methods=[GET]}" onto public com.zuoben.util.resultUtils.JsonResult com.zuoben.sys.controller.SysUserController.selectById()
2018-12-21 15:18:03 [org.springframework.web.servlet.handler.AbstractHandlerMethodMapping$MappingRegistry:548] - Mapped "{[/sysUser/select/{id}],methods=[GET]}" onto public com.zuoben.util.resultUtils.JsonResult com.zuoben.sys.controller.SysUserController.selectById(java.lang.Integer)
2018-12-21 15:18:03 [org.springframework.web.servlet.handler.AbstractHandlerMethodMapping$MappingRegistry:548] - Mapped "{[/sysUser/state],methods=[POST]}" onto public com.zuoben.util.resultUtils.JsonResult com.zuoben.sys.controller.SysUserController.getUserStateByUserId(java.lang.Integer)
2018-12-21 15:18:03 [org.springframework.web.servlet.handler.AbstractHandlerMethodMapping$MappingRegistry:548] - Mapped "{[/file/upload],methods=[POST]}" onto public com.zuoben.util.resultUtils.JsonResult com.zuoben.sys.controller.UploadController.fileUpload(org.springframework.web.multipart.MultipartFile)
2018-12-21 15:18:03 [org.springframework.web.servlet.handler.AbstractHandlerMethodMapping$MappingRegistry:548] - Mapped "{[/file/showPhotos/{fileName}],methods=[GET]}" onto public org.springframework.http.ResponseEntity com.zuoben.sys.controller.UploadController.showPhotos(java.lang.String)
2018-12-21 15:18:03 [org.springframework.web.servlet.handler.AbstractHandlerMethodMapping$MappingRegistry:548] - Mapped "{[/login/register],methods=[POST]}" onto public com.zuoben.util.resultUtils.JsonResult<com.zuoben.sys.vo.LoginRespVO> com.zuoben.sys.controller.ZuoLoginController.register(com.zuoben.sys.vo.RegisterReqVO)
2018-12-21 15:18:03 [org.springframework.web.servlet.handler.AbstractHandlerMethodMapping$MappingRegistry:548] - Mapped "{[/login/validate],methods=[POST]}" onto public com.zuoben.util.resultUtils.JsonResult com.zuoben.sys.controller.ZuoLoginController.validate(java.lang.String,java.lang.String)
2018-12-21 15:18:03 [org.springframework.web.servlet.handler.AbstractHandlerMethodMapping$MappingRegistry:548] - Mapped "{[/login/sendVerifyCode],methods=[GET]}" onto public com.zuoben.util.resultUtils.JsonResult com.zuoben.sys.controller.ZuoLoginController.sendVerifyCode(java.lang.String)
2018-12-21 15:18:03 [org.springframework.web.servlet.handler.AbstractHandlerMethodMapping$MappingRegistry:548] - Mapped "{[/login/checkVerifyCode],methods=[POST]}" onto public com.zuoben.util.resultUtils.JsonResult com.zuoben.sys.controller.ZuoLoginController.checkVerifyCode(java.lang.String,java.lang.String)
2018-12-21 15:18:03 [org.springframework.web.servlet.handler.AbstractHandlerMethodMapping$MappingRegistry:548] - Mapped "{[/login/userNameEmailPhoneIsRegister],methods=[GET]}" onto public com.zuoben.util.resultUtils.JsonResult com.zuoben.sys.controller.ZuoLoginController.userNameEmailPhoneIsRegister(java.lang.String)
2018-12-21 15:18:03 [org.springframework.web.servlet.handler.AbstractHandlerMethodMapping$MappingRegistry:548] - Mapped "{[/swagger-resources/configuration/ui]}" onto public org.springframework.http.ResponseEntity<springfox.documentation.swagger.web.UiConfiguration> springfox.documentation.swagger.web.ApiResourceController.uiConfiguration()
2018-12-21 15:18:03 [org.springframework.web.servlet.handler.AbstractHandlerMethodMapping$MappingRegistry:548] - Mapped "{[/swagger-resources]}" onto public org.springframework.http.ResponseEntity<java.util.List<springfox.documentation.swagger.web.SwaggerResource>> springfox.documentation.swagger.web.ApiResourceController.swaggerResources()
2018-12-21 15:18:03 [org.springframework.web.servlet.handler.AbstractHandlerMethodMapping$MappingRegistry:548] - Mapped "{[/swagger-resources/configuration/security]}" onto public org.springframework.http.ResponseEntity<springfox.documentation.swagger.web.SecurityConfiguration> springfox.documentation.swagger.web.ApiResourceController.securityConfiguration()
2018-12-21 15:18:03 [org.springframework.web.servlet.handler.AbstractHandlerMethodMapping$MappingRegistry:548] - Mapped "{[/error]}" onto public org.springframework.http.ResponseEntity<java.util.Map<java.lang.String, java.lang.Object>> org.springframework.boot.autoconfigure.web.servlet.error.BasicErrorController.error(javax.servlet.http.HttpServletRequest)
2018-12-21 15:18:03 [org.springframework.web.servlet.handler.AbstractHandlerMethodMapping$MappingRegistry:548] - Mapped "{[/error],produces=[text/html]}" onto public org.springframework.web.servlet.ModelAndView org.springframework.boot.autoconfigure.web.servlet.error.BasicErrorController.errorHtml(javax.servlet.http.HttpServletRequest,javax.servlet.http.HttpServletResponse)
2018-12-21 15:18:03 [springfox.documentation.spring.web.PropertySourcedRequestMappingHandlerMapping:69] - Mapped URL path [/v2/api-docs] onto method [public org.springframework.http.ResponseEntity<springfox.documentation.spring.web.json.Json> springfox.documentation.swagger2.web.Swagger2Controller.getDocumentation(java.lang.String,javax.servlet.http.HttpServletRequest)]
2018-12-21 15:18:04 [com.netflix.config.sources.URLConfigurationSource:122] - To enable URLs as dynamic configuration sources, define System property archaius.configurationSource.additionalUrls or make config.properties available on classpath.
2018-12-21 15:18:04 [com.netflix.config.sources.URLConfigurationSource:122] - To enable URLs as dynamic configuration sources, define System property archaius.configurationSource.additionalUrls or make config.properties available on classpath.
2018-12-21 15:18:04 [org.springframework.web.servlet.mvc.method.annotation.RequestMappingHandlerAdapter:567] - Looking for @ControllerAdvice: org.springframework.boot.web.servlet.context.AnnotationConfigServletWebServerApplicationContext@531c311e: startup date [Fri Dec 21 15:17:53 CST 2018]; parent: org.springframework.context.annotation.AnnotationConfigApplicationContext@68e965f5
2018-12-21 15:18:04 [org.springframework.web.servlet.handler.AbstractUrlHandlerMapping:373] - Mapped URL path [/webjars/**] onto handler of type [class org.springframework.web.servlet.resource.ResourceHttpRequestHandler]
2018-12-21 15:18:04 [org.springframework.web.servlet.handler.AbstractUrlHandlerMapping:373] - Mapped URL path [/**] onto handler of type [class org.springframework.web.servlet.resource.ResourceHttpRequestHandler]
2018-12-21 15:18:04 [org.springframework.web.servlet.mvc.method.annotation.ExceptionHandlerExceptionResolver:289] - Detected @ExceptionHandler methods in zuobenExceptionHandler
2018-12-21 15:18:04 [org.springframework.web.servlet.mvc.method.annotation.ExceptionHandlerExceptionResolver:289] - Detected @ExceptionHandler methods in globalExceptionHandler
2018-12-21 15:18:04 [org.springframework.web.servlet.mvc.method.annotation.ExceptionHandlerExceptionResolver:289] - Detected @ExceptionHandler methods in getGlobalExceptionHandler
2018-12-21 15:18:04 [org.springframework.web.servlet.handler.AbstractUrlHandlerMapping:373] - Mapped URL path [/**/favicon.ico] onto handler of type [class org.springframework.web.servlet.resource.ResourceHttpRequestHandler]
2018-12-21 15:18:05 [org.springframework.jmx.export.MBeanExporter:434] - Registering beans for JMX exposure on startup
2018-12-21 15:18:05 [org.springframework.jmx.export.MBeanExporter:896] - Bean with name 'statFilter' has been autodetected for JMX exposure
2018-12-21 15:18:05 [org.springframework.jmx.export.MBeanExporter:896] - Bean with name 'dataSource' has been autodetected for JMX exposure
2018-12-21 15:18:05 [org.springframework.jmx.export.MBeanExporter:896] - Bean with name 'configurationPropertiesRebinder' has been autodetected for JMX exposure
2018-12-21 15:18:05 [org.springframework.jmx.export.MBeanExporter:896] - Bean with name 'environmentManager' has been autodetected for JMX exposure
2018-12-21 15:18:05 [org.springframework.jmx.export.MBeanExporter:896] - Bean with name 'refreshScope' has been autodetected for JMX exposure
2018-12-21 15:18:05 [org.springframework.jmx.export.MBeanExporter:676] - Located managed bean 'environmentManager': registering with JMX server as MBean [org.springframework.cloud.context.environment:name=environmentManager,type=EnvironmentManager]
2018-12-21 15:18:05 [org.springframework.jmx.export.MBeanExporter:676] - Located managed bean 'refreshScope': registering with JMX server as MBean [org.springframework.cloud.context.scope.refresh:name=refreshScope,type=RefreshScope]
2018-12-21 15:18:05 [org.springframework.jmx.export.MBeanExporter:676] - Located managed bean 'configurationPropertiesRebinder': registering with JMX server as MBean [org.springframework.cloud.context.properties:name=configurationPropertiesRebinder,context=531c311e,type=ConfigurationPropertiesRebinder]
2018-12-21 15:18:05 [org.springframework.jmx.export.MBeanExporter:669] - Located MBean 'dataSource': registering with JMX server as MBean [com.alibaba.druid.spring.boot.autoconfigure:name=dataSource,type=DruidDataSourceWrapper]
2018-12-21 15:18:05 [org.springframework.jmx.export.MBeanExporter:669] - Located MBean 'statFilter': registering with JMX server as MBean [com.alibaba.druid.filter.stat:name=statFilter,type=StatFilter]
2018-12-21 15:18:05 [org.springframework.context.support.DefaultLifecycleProcessor$LifecycleGroup:351] - Starting beans in phase 0
2018-12-21 15:18:05 [org.springframework.cloud.netflix.eureka.InstanceInfoFactory:71] - Setting initial instance status as: STARTING
2018-12-21 15:18:05 [com.netflix.discovery.DiscoveryClient:349] - Initializing Eureka in region us-east-1
2018-12-21 15:18:06 [com.netflix.discovery.provider.DiscoveryJerseyProvider:70] - Using JSON encoding codec LegacyJacksonJson
2018-12-21 15:18:06 [com.netflix.discovery.provider.DiscoveryJerseyProvider:71] - Using JSON decoding codec LegacyJacksonJson
2018-12-21 15:18:06 [com.netflix.discovery.provider.DiscoveryJerseyProvider:80] - Using XML encoding codec XStreamXml
2018-12-21 15:18:06 [com.netflix.discovery.provider.DiscoveryJerseyProvider:81] - Using XML decoding codec XStreamXml
2018-12-21 15:18:06 [com.netflix.discovery.shared.resolver.aws.ConfigClusterResolver:43] - Resolving eureka endpoints via configuration
2018-12-21 15:18:06 [com.netflix.discovery.DiscoveryClient:958] - Disable delta property : false
2018-12-21 15:18:06 [com.netflix.discovery.DiscoveryClient:959] - Single vip registry refresh property : null
2018-12-21 15:18:06 [com.netflix.discovery.DiscoveryClient:960] - Force full registry fetch : false
2018-12-21 15:18:06 [com.netflix.discovery.DiscoveryClient:961] - Application is null : false
2018-12-21 15:18:06 [com.netflix.discovery.DiscoveryClient:962] - Registered Applications size is zero : true
2018-12-21 15:18:06 [com.netflix.discovery.DiscoveryClient:964] - Application version is -1: true
2018-12-21 15:18:06 [com.netflix.discovery.DiscoveryClient:1047] - Getting all instance registry info from the eureka server
2018-12-21 15:18:06 [com.netflix.discovery.DiscoveryClient:1056] - The response status is 200
2018-12-21 15:18:06 [com.netflix.discovery.DiscoveryClient:1264] - Starting heartbeat executor: renew interval is: 30
2018-12-21 15:18:06 [com.netflix.discovery.InstanceInfoReplicator:59] - InstanceInfoReplicator onDemand update allowed rate per min is 4
2018-12-21 15:18:06 [com.netflix.discovery.DiscoveryClient:449] - Discovery Client initialized at timestamp 1545376686759 with initial instances count: 2
2018-12-21 15:18:06 [org.springframework.cloud.netflix.eureka.serviceregistry.EurekaServiceRegistry:42] - Registering application zuoben-sys with eureka with status UP
2018-12-21 15:18:06 [com.netflix.discovery.DiscoveryClient$3:1299] - Saw local status change event StatusChangeEvent [timestamp=1545376686771, current=UP, previous=STARTING]
2018-12-21 15:18:06 [com.netflix.discovery.DiscoveryClient:826] - DiscoveryClient_ZUOBEN-SYS/DESKTOP-MA15QHP:zuoben-sys:8764: registering service...
2018-12-21 15:18:06 [org.springframework.context.support.DefaultLifecycleProcessor$LifecycleGroup:351] - Starting beans in phase 2147483647
2018-12-21 15:18:06 [springfox.documentation.spring.web.plugins.DocumentationPluginsBootstrapper:151] - Context refreshed
2018-12-21 15:18:06 [springfox.documentation.spring.web.plugins.DocumentationPluginsBootstrapper:154] - Found 1 custom documentation plugin(s)
2018-12-21 15:18:06 [com.netflix.discovery.DiscoveryClient:835] - DiscoveryClient_ZUOBEN-SYS/DESKTOP-MA15QHP:zuoben-sys:8764 - registration status: 204
2018-12-21 15:18:06 [springfox.documentation.spring.web.scanners.ApiListingReferenceScanner:41] - Scanning for api listing references
2018-12-21 15:18:06 [springfox.documentation.spring.web.readers.operation.CachingOperationNameGenerator:40] - Generating unique operation named: deleteUsingGET_1
2018-12-21 15:18:06 [springfox.documentation.spring.web.readers.operation.CachingOperationNameGenerator:40] - Generating unique operation named: disableUsingGET_1
2018-12-21 15:18:06 [springfox.documentation.spring.web.readers.operation.CachingOperationNameGenerator:40] - Generating unique operation named: insertUsingPOST_1
2018-12-21 15:18:06 [springfox.documentation.spring.web.readers.operation.CachingOperationNameGenerator:40] - Generating unique operation named: listUsingGET_1
2018-12-21 15:18:06 [springfox.documentation.spring.web.readers.operation.CachingOperationNameGenerator:40] - Generating unique operation named: selectByIdUsingGET_1
2018-12-21 15:18:06 [springfox.documentation.spring.web.readers.operation.CachingOperationNameGenerator:40] - Generating unique operation named: updateUsingPOST_1
2018-12-21 15:18:06 [springfox.documentation.spring.web.readers.operation.CachingOperationNameGenerator:40] - Generating unique operation named: deleteUsingGET_2
2018-12-21 15:18:06 [springfox.documentation.spring.web.readers.operation.CachingOperationNameGenerator:40] - Generating unique operation named: deletesUsingGET_1
2018-12-21 15:18:06 [springfox.documentation.spring.web.readers.operation.CachingOperationNameGenerator:40] - Generating unique operation named: disableUsingGET_2
2018-12-21 15:18:06 [springfox.documentation.spring.web.readers.operation.CachingOperationNameGenerator:40] - Generating unique operation named: insertUsingPOST_2
2018-12-21 15:18:06 [springfox.documentation.spring.web.readers.operation.CachingOperationNameGenerator:40] - Generating unique operation named: listUsingGET_2
2018-12-21 15:18:06 [springfox.documentation.spring.web.readers.operation.CachingOperationNameGenerator:40] - Generating unique operation named: selectByIdUsingGET_2
2018-12-21 15:18:06 [springfox.documentation.spring.web.readers.operation.CachingOperationNameGenerator:40] - Generating unique operation named: selectByIdUsingGET_3
2018-12-21 15:18:06 [springfox.documentation.spring.web.readers.operation.CachingOperationNameGenerator:40] - Generating unique operation named: updateUsingPOST_2
2018-12-21 15:18:07 [org.apache.juli.logging.DirectJDKLog:180] - Starting ProtocolHandler ["http-nio-8764"]
2018-12-21 15:18:07 [org.apache.juli.logging.DirectJDKLog:180] - Using a shared selector for servlet write/read
2018-12-21 15:18:07 [org.springframework.boot.web.embedded.tomcat.TomcatWebServer:205] - Tomcat started on port(s): 8764 (http) with context path ''
2018-12-21 15:18:07 [org.springframework.cloud.netflix.eureka.serviceregistry.EurekaAutoServiceRegistration:124] - Updating port to 8764
2018-12-21 15:18:07 [org.springframework.boot.StartupInfoLogger:59] - Started SysApplication in 15.857 seconds (JVM running for 17.615)
2018-12-21 15:19:00 [org.apache.juli.logging.DirectJDKLog:180] - Initializing Spring FrameworkServlet 'dispatcherServlet'
2018-12-21 15:19:00 [org.springframework.web.servlet.FrameworkServlet:494] - FrameworkServlet 'dispatcherServlet': initialization started
2018-12-21 15:19:00 [org.springframework.web.servlet.FrameworkServlet:513] - FrameworkServlet 'dispatcherServlet': initialization completed in 26 ms
2018-12-21 15:19:01 [org.springframework.context.support.AbstractApplicationContext:589] - Refreshing SpringClientFactory-zuoben-auth: startup date [Fri Dec 21 15:19:01 CST 2018]; parent: org.springframework.boot.web.servlet.context.AnnotationConfigServletWebServerApplicationContext@531c311e
2018-12-21 15:19:01 [org.springframework.beans.factory.annotation.AutowiredAnnotationBeanPostProcessor:154] - JSR-330 'javax.inject.Inject' annotation found and supported for autowiring
2018-12-21 15:19:01 [com.netflix.config.ChainedDynamicProperty$ChainLink:115] - Flipping property: zuoben-auth.ribbon.ActiveConnectionsLimit to use NEXT property: niws.loadbalancer.availabilityFilteringRule.activeConnectionsLimit = 2147483647
2018-12-21 15:19:01 [com.netflix.util.concurrent.ShutdownEnabledTimer:58] - Shutdown hook installed for: NFLoadBalancer-PingTimer-zuoben-auth
2018-12-21 15:19:01 [com.netflix.loadbalancer.BaseLoadBalancer:192] - Client: zuoben-auth instantiated a LoadBalancer: DynamicServerListLoadBalancer:{NFLoadBalancer:name=zuoben-auth,current list of Servers=[],Load balancer stats=Zone stats: {},Server stats: []}ServerList:null
2018-12-21 15:19:01 [com.netflix.loadbalancer.DynamicServerListLoadBalancer:222] - Using serverListUpdater PollingServerListUpdater
2018-12-21 15:19:01 [com.netflix.config.ChainedDynamicProperty$ChainLink:115] - Flipping property: zuoben-auth.ribbon.ActiveConnectionsLimit to use NEXT property: niws.loadbalancer.availabilityFilteringRule.activeConnectionsLimit = 2147483647
2018-12-21 15:19:01 [com.netflix.loadbalancer.DynamicServerListLoadBalancer:150] - DynamicServerListLoadBalancer for client zuoben-auth initialized: DynamicServerListLoadBalancer:{NFLoadBalancer:name=zuoben-auth,current list of Servers=[DESKTOP-MA15QHP:8763],Load balancer stats=Zone stats: {defaultzone=[Zone:defaultzone;	Instance count:1;	Active connections count: 0;	Circuit breaker tripped count: 0;	Active connections per server: 0.0;]
},Server stats: [[Server:DESKTOP-MA15QHP:8763;	Zone:defaultZone;	Total Requests:0;	Successive connection failure:0;	Total blackout seconds:0;	Last connection made:Thu Jan 01 08:00:00 CST 1970;	First connection made: Thu Jan 01 08:00:00 CST 1970;	Active Connections:0;	total failure count in last (1000) msecs:0;	average resp time:0.0;	90 percentile resp time:0.0;	95 percentile resp time:0.0;	min resp time:0.0;	max resp time:0.0;	stddev resp time:0.0]
]}ServerList:org.springframework.cloud.netflix.ribbon.eureka.DomainExtractingServerList@7c90af96
2018-12-21 15:19:02 [com.netflix.config.ChainedDynamicProperty$ChainLink:115] - Flipping property: zuoben-auth.ribbon.ActiveConnectionsLimit to use NEXT property: niws.loadbalancer.availabilityFilteringRule.activeConnectionsLimit = 2147483647
2018-12-21 15:23:06 [com.netflix.discovery.shared.resolver.aws.ConfigClusterResolver:43] - Resolving eureka endpoints via configuration
2018-12-21 15:28:06 [com.netflix.discovery.shared.resolver.aws.ConfigClusterResolver:43] - Resolving eureka endpoints via configuration
2018-12-21 15:33:06 [com.netflix.discovery.shared.resolver.aws.ConfigClusterResolver:43] - Resolving eureka endpoints via configuration
2018-12-21 15:38:06 [com.netflix.discovery.shared.resolver.aws.ConfigClusterResolver:43] - Resolving eureka endpoints via configuration
2018-12-21 15:43:06 [com.netflix.discovery.shared.resolver.aws.ConfigClusterResolver:43] - Resolving eureka endpoints via configuration
2018-12-21 15:48:06 [com.netflix.discovery.shared.resolver.aws.ConfigClusterResolver:43] - Resolving eureka endpoints via configuration
2018-12-21 15:53:06 [com.netflix.discovery.shared.resolver.aws.ConfigClusterResolver:43] - Resolving eureka endpoints via configuration
2018-12-21 15:58:06 [com.netflix.discovery.shared.resolver.aws.ConfigClusterResolver:43] - Resolving eureka endpoints via configuration
2018-12-21 16:03:06 [com.netflix.discovery.shared.resolver.aws.ConfigClusterResolver:43] - Resolving eureka endpoints via configuration
2018-12-21 16:08:06 [com.netflix.discovery.shared.resolver.aws.ConfigClusterResolver:43] - Resolving eureka endpoints via configuration
2018-12-21 16:13:06 [com.netflix.discovery.shared.resolver.aws.ConfigClusterResolver:43] - Resolving eureka endpoints via configuration
2018-12-21 16:18:06 [com.netflix.discovery.shared.resolver.aws.ConfigClusterResolver:43] - Resolving eureka endpoints via configuration
2018-12-21 16:23:06 [com.netflix.discovery.shared.resolver.aws.ConfigClusterResolver:43] - Resolving eureka endpoints via configuration
2018-12-21 16:28:06 [com.netflix.discovery.shared.resolver.aws.ConfigClusterResolver:43] - Resolving eureka endpoints via configuration
2018-12-21 16:33:06 [com.netflix.discovery.shared.resolver.aws.ConfigClusterResolver:43] - Resolving eureka endpoints via configuration
2018-12-21 16:38:06 [com.netflix.discovery.shared.resolver.aws.ConfigClusterResolver:43] - Resolving eureka endpoints via configuration
2018-12-21 16:43:06 [com.netflix.discovery.shared.resolver.aws.ConfigClusterResolver:43] - Resolving eureka endpoints via configuration
2018-12-21 16:48:06 [com.netflix.discovery.shared.resolver.aws.ConfigClusterResolver:43] - Resolving eureka endpoints via configuration
2018-12-21 16:53:06 [com.netflix.discovery.shared.resolver.aws.ConfigClusterResolver:43] - Resolving eureka endpoints via configuration
2018-12-21 16:58:06 [com.netflix.discovery.shared.resolver.aws.ConfigClusterResolver:43] - Resolving eureka endpoints via configuration
2018-12-21 17:03:06 [com.netflix.discovery.shared.resolver.aws.ConfigClusterResolver:43] - Resolving eureka endpoints via configuration
2018-12-21 17:08:06 [com.netflix.discovery.shared.resolver.aws.ConfigClusterResolver:43] - Resolving eureka endpoints via configuration
2018-12-21 17:13:06 [com.netflix.discovery.shared.resolver.aws.ConfigClusterResolver:43] - Resolving eureka endpoints via configuration
2018-12-21 17:18:06 [com.netflix.discovery.shared.resolver.aws.ConfigClusterResolver:43] - Resolving eureka endpoints via configuration
2018-12-21 17:23:06 [com.netflix.discovery.shared.resolver.aws.ConfigClusterResolver:43] - Resolving eureka endpoints via configuration
2018-12-21 17:28:06 [com.netflix.discovery.shared.resolver.aws.ConfigClusterResolver:43] - Resolving eureka endpoints via configuration
2018-12-21 17:32:04 [org.springframework.context.support.AbstractApplicationContext:589] - Refreshing org.springframework.context.annotation.AnnotationConfigApplicationContext@18c5069b: startup date [Fri Dec 21 17:32:04 CST 2018]; root of context hierarchy
2018-12-21 17:32:04 [org.springframework.beans.factory.annotation.AutowiredAnnotationBeanPostProcessor:154] - JSR-330 'javax.inject.Inject' annotation found and supported for autowiring
2018-12-21 17:32:04 [org.springframework.context.support.PostProcessorRegistrationDelegate$BeanPostProcessorChecker:328] - Bean 'configurationPropertiesRebinderAutoConfiguration' of type [org.springframework.cloud.autoconfigure.ConfigurationPropertiesRebinderAutoConfiguration$$EnhancerBySpringCGLIB$$a982f30f] is not eligible for getting processed by all BeanPostProcessors (for example: not eligible for auto-proxying)
2018-12-21 17:32:05 [org.springframework.boot.SpringApplication:656] - The following profiles are active: dev
2018-12-21 17:32:05 [org.springframework.context.support.AbstractApplicationContext:589] - Refreshing org.springframework.boot.web.servlet.context.AnnotationConfigServletWebServerApplicationContext@3d36dff4: startup date [Fri Dec 21 17:32:05 CST 2018]; parent: org.springframework.context.annotation.AnnotationConfigApplicationContext@18c5069b
2018-12-21 17:33:06 [com.netflix.discovery.shared.resolver.aws.ConfigClusterResolver:43] - Resolving eureka endpoints via configuration
2018-12-21 17:38:06 [com.netflix.discovery.shared.resolver.aws.ConfigClusterResolver:43] - Resolving eureka endpoints via configuration
2018-12-21 17:39:22 [org.springframework.context.support.AbstractApplicationContext:589] - Refreshing org.springframework.context.annotation.AnnotationConfigApplicationContext@293a5f75: startup date [Fri Dec 21 17:39:22 CST 2018]; root of context hierarchy
2018-12-21 17:39:22 [org.springframework.beans.factory.annotation.AutowiredAnnotationBeanPostProcessor:154] - JSR-330 'javax.inject.Inject' annotation found and supported for autowiring
2018-12-21 17:39:22 [org.springframework.context.support.PostProcessorRegistrationDelegate$BeanPostProcessorChecker:328] - Bean 'configurationPropertiesRebinderAutoConfiguration' of type [org.springframework.cloud.autoconfigure.ConfigurationPropertiesRebinderAutoConfiguration$$EnhancerBySpringCGLIB$$85b670e8] is not eligible for getting processed by all BeanPostProcessors (for example: not eligible for auto-proxying)
2018-12-21 17:39:22 [org.springframework.boot.SpringApplication:656] - The following profiles are active: dev
2018-12-21 17:39:22 [org.springframework.context.support.AbstractApplicationContext:589] - Refreshing org.springframework.boot.web.servlet.context.AnnotationConfigServletWebServerApplicationContext@151335cb: startup date [Fri Dec 21 17:39:22 CST 2018]; parent: org.springframework.context.annotation.AnnotationConfigApplicationContext@293a5f75
2018-12-21 17:40:46 [org.springframework.context.support.AbstractApplicationContext:589] - Refreshing org.springframework.context.annotation.AnnotationConfigApplicationContext@3a3e78f: startup date [Fri Dec 21 17:40:46 CST 2018]; root of context hierarchy
2018-12-21 17:40:47 [org.springframework.beans.factory.annotation.AutowiredAnnotationBeanPostProcessor:154] - JSR-330 'javax.inject.Inject' annotation found and supported for autowiring
2018-12-21 17:40:47 [org.springframework.context.support.PostProcessorRegistrationDelegate$BeanPostProcessorChecker:328] - Bean 'configurationPropertiesRebinderAutoConfiguration' of type [org.springframework.cloud.autoconfigure.ConfigurationPropertiesRebinderAutoConfiguration$$EnhancerBySpringCGLIB$$aacb9e64] is not eligible for getting processed by all BeanPostProcessors (for example: not eligible for auto-proxying)
2018-12-21 17:40:47 [org.springframework.boot.SpringApplication:656] - The following profiles are active: dev
2018-12-21 17:40:47 [org.springframework.context.support.AbstractApplicationContext:589] - Refreshing org.springframework.boot.web.servlet.context.AnnotationConfigServletWebServerApplicationContext@6f667ad1: startup date [Fri Dec 21 17:40:47 CST 2018]; parent: org.springframework.context.annotation.AnnotationConfigApplicationContext@3a3e78f
2018-12-21 17:41:40 [org.springframework.context.support.AbstractApplicationContext:589] - Refreshing org.springframework.context.annotation.AnnotationConfigApplicationContext@5609159b: startup date [Fri Dec 21 17:41:40 CST 2018]; root of context hierarchy
2018-12-21 17:41:40 [org.springframework.beans.factory.annotation.AutowiredAnnotationBeanPostProcessor:154] - JSR-330 'javax.inject.Inject' annotation found and supported for autowiring
2018-12-21 17:41:40 [org.springframework.context.support.PostProcessorRegistrationDelegate$BeanPostProcessorChecker:328] - Bean 'configurationPropertiesRebinderAutoConfiguration' of type [org.springframework.cloud.autoconfigure.ConfigurationPropertiesRebinderAutoConfiguration$$EnhancerBySpringCGLIB$$e65df93a] is not eligible for getting processed by all BeanPostProcessors (for example: not eligible for auto-proxying)
2018-12-21 17:41:40 [org.springframework.boot.SpringApplication:656] - The following profiles are active: dev
2018-12-21 17:41:41 [org.springframework.context.support.AbstractApplicationContext:589] - Refreshing org.springframework.boot.web.servlet.context.AnnotationConfigServletWebServerApplicationContext@26425897: startup date [Fri Dec 21 17:41:41 CST 2018]; parent: org.springframework.context.annotation.AnnotationConfigApplicationContext@5609159b
2018-12-21 17:41:41 [org.springframework.data.repository.config.RepositoryConfigurationDelegate:163] - Multiple Spring Data modules found, entering strict repository configuration mode!
2018-12-21 17:41:41 [com.zuoben.sys.config.datasource.DatasourceAutoConfiguration:21] - 数据库加载成功
2018-12-21 17:41:41 [org.springframework.cloud.context.scope.GenericScope:292] - BeanFactory id=6c512991-1bff-304a-8382-b4dbec647ebe
2018-12-21 17:41:41 [org.springframework.beans.factory.annotation.AutowiredAnnotationBeanPostProcessor:154] - JSR-330 'javax.inject.Inject' annotation found and supported for autowiring
2018-12-21 17:41:41 [org.springframework.context.support.PostProcessorRegistrationDelegate$BeanPostProcessorChecker:328] - Bean 'org.springframework.transaction.annotation.ProxyTransactionManagementConfiguration' of type [org.springframework.transaction.annotation.ProxyTransactionManagementConfiguration$$EnhancerBySpringCGLIB$$ca43f63d] is not eligible for getting processed by all BeanPostProcessors (for example: not eligible for auto-proxying)
2018-12-21 17:41:41 [org.springframework.context.support.PostProcessorRegistrationDelegate$BeanPostProcessorChecker:328] - Bean 'txAnoConfig' of type [com.zuoben.sys.config.datasource.TxAnoConfig$$EnhancerBySpringCGLIB$$13b0d7da] is not eligible for getting processed by all BeanPostProcessors (for example: not eligible for auto-proxying)
2018-12-21 17:41:41 [org.springframework.context.support.PostProcessorRegistrationDelegate$BeanPostProcessorChecker:328] - Bean 'com.alibaba.druid.spring.boot.autoconfigure.DruidDataSourceAutoConfigure' of type [com.alibaba.druid.spring.boot.autoconfigure.DruidDataSourceAutoConfigure$$EnhancerBySpringCGLIB$$e3efebaf] is not eligible for getting processed by all BeanPostProcessors (for example: not eligible for auto-proxying)
2018-12-21 17:41:41 [com.alibaba.druid.spring.boot.autoconfigure.DruidDataSourceAutoConfigure:56] - Init DruidDataSource
2018-12-21 17:41:41 [org.springframework.context.support.PostProcessorRegistrationDelegate$BeanPostProcessorChecker:328] - Bean 'org.springframework.boot.context.properties.ConversionServiceDeducer$Factory' of type [org.springframework.boot.context.properties.ConversionServiceDeducer$Factory] is not eligible for getting processed by all BeanPostProcessors (for example: not eligible for auto-proxying)
2018-12-21 17:41:41 [org.springframework.context.support.PostProcessorRegistrationDelegate$BeanPostProcessorChecker:328] - Bean 'spring.datasource-org.springframework.boot.autoconfigure.jdbc.DataSourceProperties' of type [org.springframework.boot.autoconfigure.jdbc.DataSourceProperties] is not eligible for getting processed by all BeanPostProcessors (for example: not eligible for auto-proxying)
2018-12-21 17:41:41 [org.springframework.context.support.PostProcessorRegistrationDelegate$BeanPostProcessorChecker:328] - Bean 'com.alibaba.druid.spring.boot.autoconfigure.stat.DruidFilterConfiguration' of type [com.alibaba.druid.spring.boot.autoconfigure.stat.DruidFilterConfiguration] is not eligible for getting processed by all BeanPostProcessors (for example: not eligible for auto-proxying)
2018-12-21 17:41:42 [org.springframework.context.support.PostProcessorRegistrationDelegate$BeanPostProcessorChecker:328] - Bean 'statFilter' of type [com.alibaba.druid.filter.stat.StatFilter] is not eligible for getting processed by all BeanPostProcessors (for example: not eligible for auto-proxying)
2018-12-21 17:41:42 [com.alibaba.druid.pool.DruidDataSource:928] - {dataSource-1} inited
2018-12-21 17:41:42 [org.springframework.context.support.PostProcessorRegistrationDelegate$BeanPostProcessorChecker:328] - Bean 'dataSource' of type [com.alibaba.druid.spring.boot.autoconfigure.DruidDataSourceWrapper] is not eligible for getting processed by all BeanPostProcessors (for example: not eligible for auto-proxying)
2018-12-21 17:41:42 [org.springframework.context.support.PostProcessorRegistrationDelegate$BeanPostProcessorChecker:328] - Bean 'org.springframework.boot.autoconfigure.jdbc.DataSourceInitializerInvoker' of type [org.springframework.boot.autoconfigure.jdbc.DataSourceInitializerInvoker] is not eligible for getting processed by all BeanPostProcessors (for example: not eligible for auto-proxying)
2018-12-21 17:41:42 [org.springframework.context.support.PostProcessorRegistrationDelegate$BeanPostProcessorChecker:328] - Bean 'org.springframework.boot.autoconfigure.transaction.TransactionAutoConfiguration' of type [org.springframework.boot.autoconfigure.transaction.TransactionAutoConfiguration$$EnhancerBySpringCGLIB$$5eb7f147] is not eligible for getting processed by all BeanPostProcessors (for example: not eligible for auto-proxying)
2018-12-21 17:41:42 [org.springframework.context.support.PostProcessorRegistrationDelegate$BeanPostProcessorChecker:328] - Bean 'spring.transaction-org.springframework.boot.autoconfigure.transaction.TransactionProperties' of type [org.springframework.boot.autoconfigure.transaction.TransactionProperties] is not eligible for getting processed by all BeanPostProcessors (for example: not eligible for auto-proxying)
2018-12-21 17:41:42 [org.springframework.context.support.PostProcessorRegistrationDelegate$BeanPostProcessorChecker:328] - Bean 'platformTransactionManagerCustomizers' of type [org.springframework.boot.autoconfigure.transaction.TransactionManagerCustomizers] is not eligible for getting processed by all BeanPostProcessors (for example: not eligible for auto-proxying)
2018-12-21 17:41:42 [org.springframework.context.support.PostProcessorRegistrationDelegate$BeanPostProcessorChecker:328] - Bean 'org.springframework.boot.autoconfigure.jdbc.DataSourceTransactionManagerAutoConfiguration$DataSourceTransactionManagerConfiguration' of type [org.springframework.boot.autoconfigure.jdbc.DataSourceTransactionManagerAutoConfiguration$DataSourceTransactionManagerConfiguration$$EnhancerBySpringCGLIB$$77448eac] is not eligible for getting processed by all BeanPostProcessors (for example: not eligible for auto-proxying)
2018-12-21 17:41:42 [org.springframework.context.support.PostProcessorRegistrationDelegate$BeanPostProcessorChecker:328] - Bean 'transactionManager' of type [org.springframework.jdbc.datasource.DataSourceTransactionManager] is not eligible for getting processed by all BeanPostProcessors (for example: not eligible for auto-proxying)
2018-12-21 17:41:42 [org.springframework.context.support.PostProcessorRegistrationDelegate$BeanPostProcessorChecker:328] - Bean 'txSource' of type [org.springframework.transaction.interceptor.NameMatchTransactionAttributeSource] is not eligible for getting processed by all BeanPostProcessors (for example: not eligible for auto-proxying)
2018-12-21 17:41:42 [org.springframework.context.support.PostProcessorRegistrationDelegate$BeanPostProcessorChecker:328] - Bean 'txInterceptor' of type [org.springframework.transaction.interceptor.TransactionInterceptor] is not eligible for getting processed by all BeanPostProcessors (for example: not eligible for auto-proxying)
2018-12-21 17:41:42 [org.springframework.context.support.PostProcessorRegistrationDelegate$BeanPostProcessorChecker:328] - Bean 'pointcutAdvisor' of type [org.springframework.aop.aspectj.AspectJExpressionPointcutAdvisor] is not eligible for getting processed by all BeanPostProcessors (for example: not eligible for auto-proxying)
2018-12-21 17:41:42 [org.springframework.context.support.PostProcessorRegistrationDelegate$BeanPostProcessorChecker:328] - Bean 'org.springframework.cache.annotation.ProxyCachingConfiguration' of type [org.springframework.cache.annotation.ProxyCachingConfiguration$$EnhancerBySpringCGLIB$$13562c5b] is not eligible for getting processed by all BeanPostProcessors (for example: not eligible for auto-proxying)
2018-12-21 17:41:42 [org.springframework.context.support.PostProcessorRegistrationDelegate$BeanPostProcessorChecker:328] - Bean 'org.springframework.boot.autoconfigure.cache.CacheAutoConfiguration' of type [org.springframework.boot.autoconfigure.cache.CacheAutoConfiguration$$EnhancerBySpringCGLIB$$7c9f0ff] is not eligible for getting processed by all BeanPostProcessors (for example: not eligible for auto-proxying)
2018-12-21 17:41:42 [org.springframework.context.support.PostProcessorRegistrationDelegate$BeanPostProcessorChecker:328] - Bean 'spring.cache-org.springframework.boot.autoconfigure.cache.CacheProperties' of type [org.springframework.boot.autoconfigure.cache.CacheProperties] is not eligible for getting processed by all BeanPostProcessors (for example: not eligible for auto-proxying)
2018-12-21 17:41:42 [org.springframework.context.support.PostProcessorRegistrationDelegate$BeanPostProcessorChecker:328] - Bean 'cacheManagerCustomizers' of type [org.springframework.boot.autoconfigure.cache.CacheManagerCustomizers] is not eligible for getting processed by all BeanPostProcessors (for example: not eligible for auto-proxying)
2018-12-21 17:41:42 [org.springframework.context.support.PostProcessorRegistrationDelegate$BeanPostProcessorChecker:328] - Bean 'org.springframework.boot.autoconfigure.cache.RedisCacheConfiguration' of type [org.springframework.boot.autoconfigure.cache.RedisCacheConfiguration$$EnhancerBySpringCGLIB$$b85b8d59] is not eligible for getting processed by all BeanPostProcessors (for example: not eligible for auto-proxying)
2018-12-21 17:41:42 [org.springframework.context.support.PostProcessorRegistrationDelegate$BeanPostProcessorChecker:328] - Bean 'spring.redis-org.springframework.boot.autoconfigure.data.redis.RedisProperties' of type [org.springframework.boot.autoconfigure.data.redis.RedisProperties] is not eligible for getting processed by all BeanPostProcessors (for example: not eligible for auto-proxying)
2018-12-21 17:41:42 [org.springframework.context.support.PostProcessorRegistrationDelegate$BeanPostProcessorChecker:328] - Bean 'org.springframework.boot.autoconfigure.data.redis.LettuceConnectionConfiguration' of type [org.springframework.boot.autoconfigure.data.redis.LettuceConnectionConfiguration$$EnhancerBySpringCGLIB$$df5db487] is not eligible for getting processed by all BeanPostProcessors (for example: not eligible for auto-proxying)
2018-12-21 17:41:42 [org.springframework.context.support.PostProcessorRegistrationDelegate$BeanPostProcessorChecker:328] - Bean 'lettuceClientResources' of type [io.lettuce.core.resource.DefaultClientResources] is not eligible for getting processed by all BeanPostProcessors (for example: not eligible for auto-proxying)
2018-12-21 17:41:42 [org.springframework.context.support.PostProcessorRegistrationDelegate$BeanPostProcessorChecker:328] - Bean 'redisConnectionFactory' of type [org.springframework.data.redis.connection.lettuce.LettuceConnectionFactory] is not eligible for getting processed by all BeanPostProcessors (for example: not eligible for auto-proxying)
2018-12-21 17:41:42 [org.springframework.context.support.PostProcessorRegistrationDelegate$BeanPostProcessorChecker:328] - Bean 'cacheManager' of type [org.springframework.data.redis.cache.RedisCacheManager] is not eligible for getting processed by all BeanPostProcessors (for example: not eligible for auto-proxying)
2018-12-21 17:41:42 [org.springframework.context.support.PostProcessorRegistrationDelegate$BeanPostProcessorChecker:328] - Bean 'cacheAutoConfigurationValidator' of type [org.springframework.boot.autoconfigure.cache.CacheAutoConfiguration$CacheManagerValidator] is not eligible for getting processed by all BeanPostProcessors (for example: not eligible for auto-proxying)
2018-12-21 17:41:42 [org.springframework.context.support.PostProcessorRegistrationDelegate$BeanPostProcessorChecker:328] - Bean 'org.springframework.cloud.autoconfigure.ConfigurationPropertiesRebinderAutoConfiguration' of type [org.springframework.cloud.autoconfigure.ConfigurationPropertiesRebinderAutoConfiguration$$EnhancerBySpringCGLIB$$e65df93a] is not eligible for getting processed by all BeanPostProcessors (for example: not eligible for auto-proxying)
2018-12-21 17:41:42 [org.springframework.boot.web.embedded.tomcat.TomcatWebServer:91] - Tomcat initialized with port(s): 8764 (http)
2018-12-21 17:41:42 [org.apache.juli.logging.DirectJDKLog:180] - Initializing ProtocolHandler ["http-nio-8764"]
2018-12-21 17:41:42 [org.apache.juli.logging.DirectJDKLog:180] - Starting service [Tomcat]
2018-12-21 17:41:42 [org.apache.juli.logging.DirectJDKLog:180] - Starting Servlet Engine: Apache Tomcat/8.5.28
2018-12-21 17:41:42 [org.apache.juli.logging.DirectJDKLog:180] - The APR based Apache Tomcat Native library which allows optimal performance in production environments was not found on the java.library.path: [D:\Program Files\Java\jdk1.8.0_181\bin;C:\Windows\Sun\Java\bin;C:\Windows\system32;C:\Windows;C:\Program Files (x86)\Common Files\Oracle\Java\javapath;C:\Program Files (x86)\Intel\Intel(R) Management Engine Components\iCLS\;C:\Program Files\Intel\Intel(R) Management Engine Components\iCLS\;C:\Windows\system32;C:\Windows;C:\Windows\System32\Wbem;C:\Windows\System32\WindowsPowerShell\v1.0\;C:\Windows\System32\OpenSSH\;C:\Program Files (x86)\NVIDIA Corporation\PhysX\Common;C:\Program Files (x86)\Intel\Intel(R) Management Engine Components\DAL;C:\Program Files\Intel\Intel(R) Management Engine Components\DAL;C:\Program Files (x86)\Intel\Intel(R) Management Engine Components\IPT;C:\Program Files\Intel\Intel(R) Management Engine Components\IPT;D:\Program Files\TortoiseSVN\bin;"D:\Program Files\Java\jdk1.8.0_181\bin;D:\Program Files\Java\jdk1.8.0_181\jre\bin";D:\Program Files\gradle-2.5\bin;D:\apache-maven-3.0.3\bin;C:\Users\zuoben\AppData\Local\Microsoft\WindowsApps;;.]
2018-12-21 17:41:42 [org.apache.juli.logging.DirectJDKLog:180] - Initializing Spring embedded WebApplicationContext
2018-12-21 17:41:42 [org.springframework.boot.web.servlet.context.ServletWebServerApplicationContext:285] - Root WebApplicationContext: initialization completed in 1850 ms
2018-12-21 17:41:43 [org.springframework.boot.web.servlet.ServletRegistrationBean:185] - Servlet dispatcherServlet mapped to [/]
2018-12-21 17:41:43 [org.springframework.boot.web.servlet.ServletRegistrationBean:185] - Servlet statViewServlet mapped to [/druid/*]
2018-12-21 17:41:43 [org.springframework.boot.web.servlet.AbstractFilterRegistrationBean:243] - Mapping filter: 'characterEncodingFilter' to: [/*]
2018-12-21 17:41:43 [org.springframework.boot.web.servlet.AbstractFilterRegistrationBean:243] - Mapping filter: 'hiddenHttpMethodFilter' to: [/*]
2018-12-21 17:41:43 [org.springframework.boot.web.servlet.AbstractFilterRegistrationBean:243] - Mapping filter: 'httpPutFormContentFilter' to: [/*]
2018-12-21 17:41:43 [org.springframework.boot.web.servlet.AbstractFilterRegistrationBean:243] - Mapping filter: 'requestContextFilter' to: [/*]
2018-12-21 17:41:43 [org.springframework.boot.web.servlet.AbstractFilterRegistrationBean:256] - Mapping filter: 'webStatFilter' to urls: [/*]
2018-12-21 17:41:43 [org.springframework.context.support.AbstractApplicationContext:589] - Refreshing FeignContext-zuoben-mq: startup date [Fri Dec 21 17:41:43 CST 2018]; parent: org.springframework.boot.web.servlet.context.AnnotationConfigServletWebServerApplicationContext@26425897
2018-12-21 17:41:43 [org.springframework.beans.factory.annotation.AutowiredAnnotationBeanPostProcessor:154] - JSR-330 'javax.inject.Inject' annotation found and supported for autowiring
2018-12-21 17:41:43 [org.springframework.context.support.AbstractApplicationContext:589] - Refreshing FeignContext-zuoben-auth: startup date [Fri Dec 21 17:41:43 CST 2018]; parent: org.springframework.boot.web.servlet.context.AnnotationConfigServletWebServerApplicationContext@26425897
2018-12-21 17:41:43 [org.springframework.beans.factory.annotation.AutowiredAnnotationBeanPostProcessor:154] - JSR-330 'javax.inject.Inject' annotation found and supported for autowiring
2018-12-21 17:41:43 [org.springframework.web.servlet.handler.AbstractHandlerMethodMapping$MappingRegistry:548] - Mapped "{[/sysMenu/disable/{id}],methods=[GET]}" onto public com.zuoben.util.resultUtils.JsonResult com.zuoben.sys.controller.SysMenuController.disable(java.lang.Integer)
2018-12-21 17:41:43 [org.springframework.web.servlet.handler.AbstractHandlerMethodMapping$MappingRegistry:548] - Mapped "{[/sysMenu/update],methods=[POST]}" onto public com.zuoben.util.resultUtils.JsonResult com.zuoben.sys.controller.SysMenuController.update(com.zuoben.sys.vo.MenuTree)
2018-12-21 17:41:43 [org.springframework.web.servlet.handler.AbstractHandlerMethodMapping$MappingRegistry:548] - Mapped "{[/sysMenu/delete/{id}],methods=[GET]}" onto public com.zuoben.util.resultUtils.JsonResult com.zuoben.sys.controller.SysMenuController.delete(java.lang.Integer)
2018-12-21 17:41:43 [org.springframework.web.servlet.handler.AbstractHandlerMethodMapping$MappingRegistry:548] - Mapped "{[/sysMenu/list],methods=[GET]}" onto public com.zuoben.util.resultUtils.JsonResult com.zuoben.sys.controller.SysMenuController.list()
2018-12-21 17:41:43 [org.springframework.web.servlet.handler.AbstractHandlerMethodMapping$MappingRegistry:548] - Mapped "{[/sysMenu/insert],methods=[POST]}" onto public com.zuoben.util.resultUtils.JsonResult com.zuoben.sys.controller.SysMenuController.insert(com.zuoben.sys.vo.MenuTree)
2018-12-21 17:41:43 [org.springframework.web.servlet.handler.AbstractHandlerMethodMapping$MappingRegistry:548] - Mapped "{[/sysMenu/current],methods=[GET]}" onto public com.zuoben.util.resultUtils.JsonResult com.zuoben.sys.controller.SysMenuController.selectUserSideMenu()
2018-12-21 17:41:43 [org.springframework.web.servlet.handler.AbstractHandlerMethodMapping$MappingRegistry:548] - Mapped "{[/sysMenu/select/{id}],methods=[GET]}" onto public com.zuoben.util.resultUtils.JsonResult com.zuoben.sys.controller.SysMenuController.selectById(java.lang.Integer)
2018-12-21 17:41:43 [org.springframework.web.servlet.handler.AbstractHandlerMethodMapping$MappingRegistry:548] - Mapped "{[/sysRole/disable/{id}],methods=[GET]}" onto public com.zuoben.util.resultUtils.JsonResult com.zuoben.sys.controller.SysRoleController.disable(java.lang.Integer)
2018-12-21 17:41:43 [org.springframework.web.servlet.handler.AbstractHandlerMethodMapping$MappingRegistry:548] - Mapped "{[/sysRole/update],methods=[POST]}" onto public com.zuoben.util.resultUtils.JsonResult com.zuoben.sys.controller.SysRoleController.update(com.zuoben.sys.dto.SysRoleDTO)
2018-12-21 17:41:43 [org.springframework.web.servlet.handler.AbstractHandlerMethodMapping$MappingRegistry:548] - Mapped "{[/sysRole/delete/{id}],methods=[GET]}" onto public com.zuoben.util.resultUtils.JsonResult com.zuoben.sys.controller.SysRoleController.delete(java.lang.Integer)
2018-12-21 17:41:43 [org.springframework.web.servlet.handler.AbstractHandlerMethodMapping$MappingRegistry:548] - Mapped "{[/sysRole/list],methods=[GET]}" onto public com.zuoben.util.resultUtils.JsonResult com.zuoben.sys.controller.SysRoleController.list(java.lang.Integer,java.lang.Integer,java.lang.String)
2018-12-21 17:41:43 [org.springframework.web.servlet.handler.AbstractHandlerMethodMapping$MappingRegistry:548] - Mapped "{[/sysRole/insert],methods=[POST]}" onto public com.zuoben.util.resultUtils.JsonResult com.zuoben.sys.controller.SysRoleController.insert(com.zuoben.sys.dto.SysRoleDTO)
2018-12-21 17:41:43 [org.springframework.web.servlet.handler.AbstractHandlerMethodMapping$MappingRegistry:548] - Mapped "{[/sysRole/deletes/{ids}],methods=[GET]}" onto public com.zuoben.util.resultUtils.JsonResult com.zuoben.sys.controller.SysRoleController.deletes(java.lang.String)
2018-12-21 17:41:43 [org.springframework.web.servlet.handler.AbstractHandlerMethodMapping$MappingRegistry:548] - Mapped "{[/sysRole/select/{id}],methods=[GET]}" onto public com.zuoben.util.resultUtils.JsonResult com.zuoben.sys.controller.SysRoleController.selectById(java.lang.Integer)
2018-12-21 17:41:43 [org.springframework.web.servlet.handler.AbstractHandlerMethodMapping$MappingRegistry:548] - Mapped "{[/sysUser/disable/{id}],methods=[GET]}" onto public com.zuoben.util.resultUtils.JsonResult com.zuoben.sys.controller.SysUserController.disable(java.lang.Integer)
2018-12-21 17:41:43 [org.springframework.web.servlet.handler.AbstractHandlerMethodMapping$MappingRegistry:548] - Mapped "{[/sysUser/update],methods=[POST]}" onto public com.zuoben.util.resultUtils.JsonResult com.zuoben.sys.controller.SysUserController.update(com.zuoben.sys.dto.SysUserDTO)
2018-12-21 17:41:43 [org.springframework.web.servlet.handler.AbstractHandlerMethodMapping$MappingRegistry:548] - Mapped "{[/sysUser/delete/{id}],methods=[GET]}" onto public com.zuoben.util.resultUtils.JsonResult com.zuoben.sys.controller.SysUserController.delete(java.lang.Integer)
2018-12-21 17:41:43 [org.springframework.web.servlet.handler.AbstractHandlerMethodMapping$MappingRegistry:548] - Mapped "{[/sysUser/list],methods=[GET]}" onto public com.zuoben.util.resultUtils.JsonResult com.zuoben.sys.controller.SysUserController.list(java.lang.Integer,java.lang.Integer,java.lang.String)
2018-12-21 17:41:43 [org.springframework.web.servlet.handler.AbstractHandlerMethodMapping$MappingRegistry:548] - Mapped "{[/sysUser/insert],methods=[POST]}" onto public com.zuoben.util.resultUtils.JsonResult com.zuoben.sys.controller.SysUserController.insert(com.zuoben.sys.dto.SysUserDTO)
2018-12-21 17:41:43 [org.springframework.web.servlet.handler.AbstractHandlerMethodMapping$MappingRegistry:548] - Mapped "{[/sysUser/state],methods=[POST]}" onto public com.zuoben.util.resultUtils.JsonResult com.zuoben.sys.controller.SysUserController.getUserStateByUserId(java.lang.Integer)
2018-12-21 17:41:43 [org.springframework.web.servlet.handler.AbstractHandlerMethodMapping$MappingRegistry:548] - Mapped "{[/sysUser/deletes/{ids}],methods=[GET]}" onto public com.zuoben.util.resultUtils.JsonResult com.zuoben.sys.controller.SysUserController.deletes(java.lang.String)
2018-12-21 17:41:43 [org.springframework.web.servlet.handler.AbstractHandlerMethodMapping$MappingRegistry:548] - Mapped "{[/sysUser/select/{id}],methods=[GET]}" onto public com.zuoben.util.resultUtils.JsonResult com.zuoben.sys.controller.SysUserController.selectById(java.lang.Integer)
2018-12-21 17:41:43 [org.springframework.web.servlet.handler.AbstractHandlerMethodMapping$MappingRegistry:548] - Mapped "{[/sysUser/select],methods=[GET]}" onto public com.zuoben.util.resultUtils.JsonResult com.zuoben.sys.controller.SysUserController.selectById()
2018-12-21 17:41:43 [org.springframework.web.servlet.handler.AbstractHandlerMethodMapping$MappingRegistry:548] - Mapped "{[/file/upload],methods=[POST]}" onto public com.zuoben.util.resultUtils.JsonResult com.zuoben.sys.controller.UploadController.fileUpload(org.springframework.web.multipart.MultipartFile)
2018-12-21 17:41:43 [org.springframework.web.servlet.handler.AbstractHandlerMethodMapping$MappingRegistry:548] - Mapped "{[/file/showPhotos/{fileName}],methods=[GET]}" onto public org.springframework.http.ResponseEntity com.zuoben.sys.controller.UploadController.showPhotos(java.lang.String)
2018-12-21 17:41:43 [org.springframework.web.servlet.handler.AbstractHandlerMethodMapping$MappingRegistry:548] - Mapped "{[/login/register],methods=[POST]}" onto public com.zuoben.util.resultUtils.JsonResult<com.zuoben.sys.vo.LoginRespVO> com.zuoben.sys.controller.ZuoLoginController.register(com.zuoben.sys.vo.RegisterReqVO)
2018-12-21 17:41:43 [org.springframework.web.servlet.handler.AbstractHandlerMethodMapping$MappingRegistry:548] - Mapped "{[/login/validate],methods=[POST]}" onto public com.zuoben.util.resultUtils.JsonResult com.zuoben.sys.controller.ZuoLoginController.validate(java.lang.String,java.lang.String)
2018-12-21 17:41:43 [org.springframework.web.servlet.handler.AbstractHandlerMethodMapping$MappingRegistry:548] - Mapped "{[/login/userNameEmailPhoneIsRegister],methods=[GET]}" onto public com.zuoben.util.resultUtils.JsonResult com.zuoben.sys.controller.ZuoLoginController.userNameEmailPhoneIsRegister(java.lang.String)
2018-12-21 17:41:43 [org.springframework.web.servlet.handler.AbstractHandlerMethodMapping$MappingRegistry:548] - Mapped "{[/login/checkVerifyCode],methods=[POST]}" onto public com.zuoben.util.resultUtils.JsonResult com.zuoben.sys.controller.ZuoLoginController.checkVerifyCode(java.lang.String,java.lang.String)
2018-12-21 17:41:43 [org.springframework.web.servlet.handler.AbstractHandlerMethodMapping$MappingRegistry:548] - Mapped "{[/login/sendVerifyCode],methods=[GET]}" onto public com.zuoben.util.resultUtils.JsonResult com.zuoben.sys.controller.ZuoLoginController.sendVerifyCode(java.lang.String)
2018-12-21 17:41:44 [org.springframework.web.servlet.handler.AbstractHandlerMethodMapping$MappingRegistry:548] - Mapped "{[/swagger-resources]}" onto public org.springframework.http.ResponseEntity<java.util.List<springfox.documentation.swagger.web.SwaggerResource>> springfox.documentation.swagger.web.ApiResourceController.swaggerResources()
2018-12-21 17:41:44 [org.springframework.web.servlet.handler.AbstractHandlerMethodMapping$MappingRegistry:548] - Mapped "{[/swagger-resources/configuration/ui]}" onto public org.springframework.http.ResponseEntity<springfox.documentation.swagger.web.UiConfiguration> springfox.documentation.swagger.web.ApiResourceController.uiConfiguration()
2018-12-21 17:41:44 [org.springframework.web.servlet.handler.AbstractHandlerMethodMapping$MappingRegistry:548] - Mapped "{[/swagger-resources/configuration/security]}" onto public org.springframework.http.ResponseEntity<springfox.documentation.swagger.web.SecurityConfiguration> springfox.documentation.swagger.web.ApiResourceController.securityConfiguration()
2018-12-21 17:41:44 [org.springframework.web.servlet.handler.AbstractHandlerMethodMapping$MappingRegistry:548] - Mapped "{[/error]}" onto public org.springframework.http.ResponseEntity<java.util.Map<java.lang.String, java.lang.Object>> org.springframework.boot.autoconfigure.web.servlet.error.BasicErrorController.error(javax.servlet.http.HttpServletRequest)
2018-12-21 17:41:44 [org.springframework.web.servlet.handler.AbstractHandlerMethodMapping$MappingRegistry:548] - Mapped "{[/error],produces=[text/html]}" onto public org.springframework.web.servlet.ModelAndView org.springframework.boot.autoconfigure.web.servlet.error.BasicErrorController.errorHtml(javax.servlet.http.HttpServletRequest,javax.servlet.http.HttpServletResponse)
2018-12-21 17:41:44 [springfox.documentation.spring.web.PropertySourcedRequestMappingHandlerMapping:69] - Mapped URL path [/v2/api-docs] onto method [public org.springframework.http.ResponseEntity<springfox.documentation.spring.web.json.Json> springfox.documentation.swagger2.web.Swagger2Controller.getDocumentation(java.lang.String,javax.servlet.http.HttpServletRequest)]
2018-12-21 17:41:44 [com.netflix.config.sources.URLConfigurationSource:122] - To enable URLs as dynamic configuration sources, define System property archaius.configurationSource.additionalUrls or make config.properties available on classpath.
2018-12-21 17:41:44 [com.netflix.config.sources.URLConfigurationSource:122] - To enable URLs as dynamic configuration sources, define System property archaius.configurationSource.additionalUrls or make config.properties available on classpath.
2018-12-21 17:41:44 [org.springframework.web.servlet.mvc.method.annotation.RequestMappingHandlerAdapter:567] - Looking for @ControllerAdvice: org.springframework.boot.web.servlet.context.AnnotationConfigServletWebServerApplicationContext@26425897: startup date [Fri Dec 21 17:41:41 CST 2018]; parent: org.springframework.context.annotation.AnnotationConfigApplicationContext@5609159b
2018-12-21 17:41:44 [org.springframework.web.servlet.handler.AbstractUrlHandlerMapping:373] - Mapped URL path [/webjars/**] onto handler of type [class org.springframework.web.servlet.resource.ResourceHttpRequestHandler]
2018-12-21 17:41:44 [org.springframework.web.servlet.handler.AbstractUrlHandlerMapping:373] - Mapped URL path [/**] onto handler of type [class org.springframework.web.servlet.resource.ResourceHttpRequestHandler]
2018-12-21 17:41:44 [org.springframework.web.servlet.mvc.method.annotation.ExceptionHandlerExceptionResolver:289] - Detected @ExceptionHandler methods in zuobenExceptionHandler
2018-12-21 17:41:44 [org.springframework.web.servlet.mvc.method.annotation.ExceptionHandlerExceptionResolver:289] - Detected @ExceptionHandler methods in globalExceptionHandler
2018-12-21 17:41:44 [org.springframework.web.servlet.mvc.method.annotation.ExceptionHandlerExceptionResolver:289] - Detected @ExceptionHandler methods in getGlobalExceptionHandler
2018-12-21 17:41:44 [org.springframework.web.servlet.handler.AbstractUrlHandlerMapping:373] - Mapped URL path [/**/favicon.ico] onto handler of type [class org.springframework.web.servlet.resource.ResourceHttpRequestHandler]
2018-12-21 17:41:45 [org.springframework.jmx.export.MBeanExporter:434] - Registering beans for JMX exposure on startup
2018-12-21 17:41:45 [org.springframework.jmx.export.MBeanExporter:896] - Bean with name 'statFilter' has been autodetected for JMX exposure
2018-12-21 17:41:45 [org.springframework.jmx.export.MBeanExporter:896] - Bean with name 'dataSource' has been autodetected for JMX exposure
2018-12-21 17:41:45 [org.springframework.jmx.export.MBeanExporter:896] - Bean with name 'configurationPropertiesRebinder' has been autodetected for JMX exposure
2018-12-21 17:41:45 [org.springframework.jmx.export.MBeanExporter:896] - Bean with name 'environmentManager' has been autodetected for JMX exposure
2018-12-21 17:41:45 [org.springframework.jmx.export.MBeanExporter:896] - Bean with name 'refreshScope' has been autodetected for JMX exposure
2018-12-21 17:41:45 [org.springframework.jmx.export.MBeanExporter:676] - Located managed bean 'environmentManager': registering with JMX server as MBean [org.springframework.cloud.context.environment:name=environmentManager,type=EnvironmentManager]
2018-12-21 17:41:45 [org.springframework.jmx.export.MBeanExporter:676] - Located managed bean 'refreshScope': registering with JMX server as MBean [org.springframework.cloud.context.scope.refresh:name=refreshScope,type=RefreshScope]
2018-12-21 17:41:45 [org.springframework.jmx.export.MBeanExporter:676] - Located managed bean 'configurationPropertiesRebinder': registering with JMX server as MBean [org.springframework.cloud.context.properties:name=configurationPropertiesRebinder,context=26425897,type=ConfigurationPropertiesRebinder]
2018-12-21 17:41:45 [org.springframework.jmx.export.MBeanExporter:669] - Located MBean 'dataSource': registering with JMX server as MBean [com.alibaba.druid.spring.boot.autoconfigure:name=dataSource,type=DruidDataSourceWrapper]
2018-12-21 17:41:45 [org.springframework.jmx.export.MBeanExporter:669] - Located MBean 'statFilter': registering with JMX server as MBean [com.alibaba.druid.filter.stat:name=statFilter,type=StatFilter]
2018-12-21 17:41:45 [org.springframework.context.support.DefaultLifecycleProcessor$LifecycleGroup:351] - Starting beans in phase 0
2018-12-21 17:41:45 [org.springframework.cloud.netflix.eureka.InstanceInfoFactory:71] - Setting initial instance status as: STARTING
2018-12-21 17:41:45 [com.netflix.discovery.DiscoveryClient:349] - Initializing Eureka in region us-east-1
2018-12-21 17:41:45 [com.netflix.discovery.provider.DiscoveryJerseyProvider:70] - Using JSON encoding codec LegacyJacksonJson
2018-12-21 17:41:45 [com.netflix.discovery.provider.DiscoveryJerseyProvider:71] - Using JSON decoding codec LegacyJacksonJson
2018-12-21 17:41:45 [com.netflix.discovery.provider.DiscoveryJerseyProvider:80] - Using XML encoding codec XStreamXml
2018-12-21 17:41:45 [com.netflix.discovery.provider.DiscoveryJerseyProvider:81] - Using XML decoding codec XStreamXml
2018-12-21 17:41:46 [com.netflix.discovery.shared.resolver.aws.ConfigClusterResolver:43] - Resolving eureka endpoints via configuration
2018-12-21 17:41:46 [com.netflix.discovery.DiscoveryClient:958] - Disable delta property : false
2018-12-21 17:41:46 [com.netflix.discovery.DiscoveryClient:959] - Single vip registry refresh property : null
2018-12-21 17:41:46 [com.netflix.discovery.DiscoveryClient:960] - Force full registry fetch : false
2018-12-21 17:41:46 [com.netflix.discovery.DiscoveryClient:961] - Application is null : false
2018-12-21 17:41:46 [com.netflix.discovery.DiscoveryClient:962] - Registered Applications size is zero : true
2018-12-21 17:41:46 [com.netflix.discovery.DiscoveryClient:964] - Application version is -1: true
2018-12-21 17:41:46 [com.netflix.discovery.DiscoveryClient:1047] - Getting all instance registry info from the eureka server
2018-12-21 17:41:47 [com.netflix.discovery.DiscoveryClient:1056] - The response status is 200
2018-12-21 17:41:47 [com.netflix.discovery.DiscoveryClient:1264] - Starting heartbeat executor: renew interval is: 30
2018-12-21 17:41:47 [com.netflix.discovery.InstanceInfoReplicator:59] - InstanceInfoReplicator onDemand update allowed rate per min is 4
2018-12-21 17:41:47 [com.netflix.discovery.DiscoveryClient:449] - Discovery Client initialized at timestamp 1545385307099 with initial instances count: 3
2018-12-21 17:41:47 [org.springframework.cloud.netflix.eureka.serviceregistry.EurekaServiceRegistry:42] - Registering application zuoben-sys with eureka with status UP
2018-12-21 17:41:47 [com.netflix.discovery.DiscoveryClient$3:1299] - Saw local status change event StatusChangeEvent [timestamp=1545385307110, current=UP, previous=STARTING]
2018-12-21 17:41:47 [com.netflix.discovery.DiscoveryClient:826] - DiscoveryClient_ZUOBEN-SYS/DESKTOP-MA15QHP:zuoben-sys:8764: registering service...
2018-12-21 17:41:47 [org.springframework.context.support.DefaultLifecycleProcessor$LifecycleGroup:351] - Starting beans in phase 2147483647
2018-12-21 17:41:47 [springfox.documentation.spring.web.plugins.DocumentationPluginsBootstrapper:151] - Context refreshed
2018-12-21 17:41:47 [springfox.documentation.spring.web.plugins.DocumentationPluginsBootstrapper:154] - Found 1 custom documentation plugin(s)
2018-12-21 17:41:47 [com.netflix.discovery.DiscoveryClient:835] - DiscoveryClient_ZUOBEN-SYS/DESKTOP-MA15QHP:zuoben-sys:8764 - registration status: 204
2018-12-21 17:41:47 [springfox.documentation.spring.web.scanners.ApiListingReferenceScanner:41] - Scanning for api listing references
2018-12-21 17:41:47 [springfox.documentation.spring.web.readers.operation.CachingOperationNameGenerator:40] - Generating unique operation named: deleteUsingGET_1
2018-12-21 17:41:47 [springfox.documentation.spring.web.readers.operation.CachingOperationNameGenerator:40] - Generating unique operation named: disableUsingGET_1
2018-12-21 17:41:47 [springfox.documentation.spring.web.readers.operation.CachingOperationNameGenerator:40] - Generating unique operation named: insertUsingPOST_1
2018-12-21 17:41:47 [springfox.documentation.spring.web.readers.operation.CachingOperationNameGenerator:40] - Generating unique operation named: listUsingGET_1
2018-12-21 17:41:47 [springfox.documentation.spring.web.readers.operation.CachingOperationNameGenerator:40] - Generating unique operation named: selectByIdUsingGET_1
2018-12-21 17:41:47 [springfox.documentation.spring.web.readers.operation.CachingOperationNameGenerator:40] - Generating unique operation named: updateUsingPOST_1
2018-12-21 17:41:47 [springfox.documentation.spring.web.readers.operation.CachingOperationNameGenerator:40] - Generating unique operation named: deleteUsingGET_2
2018-12-21 17:41:47 [springfox.documentation.spring.web.readers.operation.CachingOperationNameGenerator:40] - Generating unique operation named: deletesUsingGET_1
2018-12-21 17:41:47 [springfox.documentation.spring.web.readers.operation.CachingOperationNameGenerator:40] - Generating unique operation named: disableUsingGET_2
2018-12-21 17:41:47 [springfox.documentation.spring.web.readers.operation.CachingOperationNameGenerator:40] - Generating unique operation named: insertUsingPOST_2
2018-12-21 17:41:47 [springfox.documentation.spring.web.readers.operation.CachingOperationNameGenerator:40] - Generating unique operation named: listUsingGET_2
2018-12-21 17:41:47 [springfox.documentation.spring.web.readers.operation.CachingOperationNameGenerator:40] - Generating unique operation named: selectByIdUsingGET_2
2018-12-21 17:41:47 [springfox.documentation.spring.web.readers.operation.CachingOperationNameGenerator:40] - Generating unique operation named: selectByIdUsingGET_3
2018-12-21 17:41:47 [springfox.documentation.spring.web.readers.operation.CachingOperationNameGenerator:40] - Generating unique operation named: updateUsingPOST_2
2018-12-21 17:41:47 [org.apache.juli.logging.DirectJDKLog:180] - Starting ProtocolHandler ["http-nio-8764"]
2018-12-21 17:41:47 [org.apache.juli.logging.DirectJDKLog:180] - Using a shared selector for servlet write/read
2018-12-21 17:41:47 [org.springframework.boot.web.embedded.tomcat.TomcatWebServer:205] - Tomcat started on port(s): 8764 (http) with context path ''
2018-12-21 17:41:47 [org.springframework.cloud.netflix.eureka.serviceregistry.EurekaAutoServiceRegistration:124] - Updating port to 8764
2018-12-21 17:41:47 [org.springframework.boot.StartupInfoLogger:59] - Started SysApplication in 7.492 seconds (JVM running for 8.698)
2018-12-21 17:42:08 [org.springframework.context.support.AbstractApplicationContext:589] - Refreshing org.springframework.context.annotation.AnnotationConfigApplicationContext@4c2cc639: startup date [Fri Dec 21 17:42:08 CST 2018]; root of context hierarchy
2018-12-21 17:42:08 [org.springframework.beans.factory.annotation.AutowiredAnnotationBeanPostProcessor:154] - JSR-330 'javax.inject.Inject' annotation found and supported for autowiring
2018-12-21 17:42:08 [org.springframework.context.support.PostProcessorRegistrationDelegate$BeanPostProcessorChecker:328] - Bean 'configurationPropertiesRebinderAutoConfiguration' of type [org.springframework.cloud.autoconfigure.ConfigurationPropertiesRebinderAutoConfiguration$$EnhancerBySpringCGLIB$$f38d84e9] is not eligible for getting processed by all BeanPostProcessors (for example: not eligible for auto-proxying)
2018-12-21 17:42:08 [org.springframework.boot.SpringApplication:656] - The following profiles are active: dev
2018-12-21 17:42:08 [org.springframework.context.support.AbstractApplicationContext:589] - Refreshing org.springframework.boot.web.servlet.context.AnnotationConfigServletWebServerApplicationContext@bdc8014: startup date [Fri Dec 21 17:42:08 CST 2018]; parent: org.springframework.context.annotation.AnnotationConfigApplicationContext@4c2cc639
2018-12-21 17:46:46 [com.netflix.discovery.shared.resolver.aws.ConfigClusterResolver:43] - Resolving eureka endpoints via configuration
2018-12-21 17:48:43 [org.springframework.context.support.AbstractApplicationContext:589] - Refreshing org.springframework.context.annotation.AnnotationConfigApplicationContext@3f6db3fb: startup date [Fri Dec 21 17:48:43 CST 2018]; root of context hierarchy
2018-12-21 17:48:44 [org.springframework.beans.factory.annotation.AutowiredAnnotationBeanPostProcessor:154] - JSR-330 'javax.inject.Inject' annotation found and supported for autowiring
2018-12-21 17:48:44 [org.springframework.context.support.PostProcessorRegistrationDelegate$BeanPostProcessorChecker:328] - Bean 'configurationPropertiesRebinderAutoConfiguration' of type [org.springframework.cloud.autoconfigure.ConfigurationPropertiesRebinderAutoConfiguration$$EnhancerBySpringCGLIB$$d857c881] is not eligible for getting processed by all BeanPostProcessors (for example: not eligible for auto-proxying)
2018-12-21 17:48:44 [org.springframework.boot.SpringApplication:656] - The following profiles are active: dev
2018-12-21 17:48:44 [org.springframework.context.support.AbstractApplicationContext:589] - Refreshing org.springframework.boot.web.servlet.context.AnnotationConfigServletWebServerApplicationContext@1436a7ab: startup date [Fri Dec 21 17:48:44 CST 2018]; parent: org.springframework.context.annotation.AnnotationConfigApplicationContext@3f6db3fb
2018-12-21 17:49:54 [org.springframework.context.support.AbstractApplicationContext:589] - Refreshing org.springframework.context.annotation.AnnotationConfigApplicationContext@7ce97ee5: startup date [Fri Dec 21 17:49:54 CST 2018]; root of context hierarchy
2018-12-21 17:49:54 [org.springframework.beans.factory.annotation.AutowiredAnnotationBeanPostProcessor:154] - JSR-330 'javax.inject.Inject' annotation found and supported for autowiring
2018-12-21 17:49:54 [org.springframework.context.support.PostProcessorRegistrationDelegate$BeanPostProcessorChecker:328] - Bean 'configurationPropertiesRebinderAutoConfiguration' of type [org.springframework.cloud.autoconfigure.ConfigurationPropertiesRebinderAutoConfiguration$$EnhancerBySpringCGLIB$$99a62683] is not eligible for getting processed by all BeanPostProcessors (for example: not eligible for auto-proxying)
2018-12-21 17:49:54 [org.springframework.boot.SpringApplication:656] - The following profiles are active: dev
2018-12-21 17:49:54 [org.springframework.context.support.AbstractApplicationContext:589] - Refreshing org.springframework.boot.web.servlet.context.AnnotationConfigServletWebServerApplicationContext@54f66455: startup date [Fri Dec 21 17:49:54 CST 2018]; parent: org.springframework.context.annotation.AnnotationConfigApplicationContext@7ce97ee5
2018-12-21 17:51:46 [com.netflix.discovery.shared.resolver.aws.ConfigClusterResolver:43] - Resolving eureka endpoints via configuration
2018-12-21 17:56:46 [com.netflix.discovery.shared.resolver.aws.ConfigClusterResolver:43] - Resolving eureka endpoints via configuration
2018-12-21 17:58:11 [org.springframework.context.support.AbstractApplicationContext:589] - Refreshing org.springframework.context.annotation.AnnotationConfigApplicationContext@4b2a01d4: startup date [Fri Dec 21 17:58:11 CST 2018]; root of context hierarchy
2018-12-21 17:58:11 [org.springframework.beans.factory.annotation.AutowiredAnnotationBeanPostProcessor:154] - JSR-330 'javax.inject.Inject' annotation found and supported for autowiring
2018-12-21 17:58:11 [org.springframework.context.support.PostProcessorRegistrationDelegate$BeanPostProcessorChecker:328] - Bean 'configurationPropertiesRebinderAutoConfiguration' of type [org.springframework.cloud.autoconfigure.ConfigurationPropertiesRebinderAutoConfiguration$$EnhancerBySpringCGLIB$$8504e3a9] is not eligible for getting processed by all BeanPostProcessors (for example: not eligible for auto-proxying)
2018-12-21 17:58:11 [org.springframework.boot.SpringApplication:656] - The following profiles are active: dev
2018-12-21 17:58:11 [org.springframework.context.support.AbstractApplicationContext:589] - Refreshing org.springframework.boot.web.servlet.context.AnnotationConfigServletWebServerApplicationContext@7df60067: startup date [Fri Dec 21 17:58:11 CST 2018]; parent: org.springframework.context.annotation.AnnotationConfigApplicationContext@4b2a01d4
2018-12-21 17:58:23 [org.springframework.context.support.AbstractApplicationContext:589] - Refreshing org.springframework.context.annotation.AnnotationConfigApplicationContext@6e6d5d29: startup date [Fri Dec 21 17:58:23 CST 2018]; root of context hierarchy
2018-12-21 17:58:23 [org.springframework.beans.factory.annotation.AutowiredAnnotationBeanPostProcessor:154] - JSR-330 'javax.inject.Inject' annotation found and supported for autowiring
2018-12-21 17:58:23 [org.springframework.context.support.PostProcessorRegistrationDelegate$BeanPostProcessorChecker:328] - Bean 'configurationPropertiesRebinderAutoConfiguration' of type [org.springframework.cloud.autoconfigure.ConfigurationPropertiesRebinderAutoConfiguration$$EnhancerBySpringCGLIB$$7059eda6] is not eligible for getting processed by all BeanPostProcessors (for example: not eligible for auto-proxying)
2018-12-21 17:58:23 [org.springframework.boot.SpringApplication:656] - The following profiles are active: dev
2018-12-21 17:58:23 [org.springframework.context.support.AbstractApplicationContext:589] - Refreshing org.springframework.boot.web.servlet.context.AnnotationConfigServletWebServerApplicationContext@60e21209: startup date [Fri Dec 21 17:58:23 CST 2018]; parent: org.springframework.context.annotation.AnnotationConfigApplicationContext@6e6d5d29
2018-12-21 18:01:46 [com.netflix.discovery.shared.resolver.aws.ConfigClusterResolver:43] - Resolving eureka endpoints via configuration
2018-12-21 18:06:46 [com.netflix.discovery.shared.resolver.aws.ConfigClusterResolver:43] - Resolving eureka endpoints via configuration
2018-12-21 18:11:46 [com.netflix.discovery.shared.resolver.aws.ConfigClusterResolver:43] - Resolving eureka endpoints via configuration
